06-08-23 12:41:23 - Voltage 1.2 - INFO   QC TESTS
06-08-23 12:41:23 - Voltage 1.2 - INFO   Voltage: 1.2, Output Directory: /home/HGCAL_dev/acampbell/econt_sw/econt_sw/testing/testing/ECONT_testing/board999_run6, Board: 999.
06-08-23 12:41:23 - Voltage 1.2 - INFO   Initialize with startup registers
06-08-23 12:41:25 - Voltage 1.2 - INFO   

06-08-23 12:41:25 - Voltage 1.2 - DEBUG  Sending 28 bit PRBS w headers
06-08-23 12:41:25 - Voltage 1.2 - INFO   Scan phase w PRBS err counters
06-08-23 12:41:25 - Voltage 1.2 - DEBUG  Sending 32 bit PRBS w no header mask
06-08-23 12:41:29 - Voltage 1.2 - INFO   Best phase settings found to be [4 4 5 5 5 6 5 7 5 6 6 6]
06-08-23 12:41:29 - Voltage 1.2 - INFO   

06-08-23 12:41:29 - Voltage 1.2 - DEBUG  Set fixed phase 4,4,5,5,5,6,5,7,5,6,6,6
06-08-23 12:41:31 - Voltage 1.2 - INFO   FC status_locked: 1
06-08-23 12:41:31 - Voltage 1.2 - INFO   PUSM status: 9
06-08-23 12:41:31 - Voltage 1.2 - INFO   

06-08-23 12:41:31 - Voltage 1.2 - INFO   Finalized test
06-08-23 12:41:31 - Voltage 1.2 - INFO   Current = 0.3787
06-08-23 12:42:48 - Voltage 1.2 - INFO   QC TESTS
06-08-23 12:42:48 - Voltage 1.2 - INFO   Voltage: 1.2, Output Directory: /home/HGCAL_dev/acampbell/econt_sw/econt_sw/testing/testing/ECONT_testing/board999_run6, Board: 999.
06-08-23 12:42:48 - Voltage 1.2 - INFO   Initialize with startup registers
06-08-23 12:42:50 - Voltage 1.2 - INFO   

06-08-23 12:42:50 - Voltage 1.2 - DEBUG  Sending 28 bit PRBS w headers
06-08-23 12:42:50 - Voltage 1.2 - INFO   Scan phase w PRBS err counters
06-08-23 12:42:50 - Voltage 1.2 - DEBUG  Sending 32 bit PRBS w no header mask
06-08-23 12:42:54 - Voltage 1.2 - INFO   Best phase settings found to be [12  4  5  5  5  6  5  7  5  6  6  6]
06-08-23 12:42:54 - Voltage 1.2 - INFO   

06-08-23 12:42:55 - Voltage 1.2 - DEBUG  Set fixed phase 12,4,5,5,5,6,5,7,5,6,6,6
06-08-23 12:42:56 - Voltage 1.2 - INFO   FC status_locked: 1
06-08-23 12:42:56 - Voltage 1.2 - INFO   PUSM status: 9
06-08-23 12:42:56 - Voltage 1.2 - INFO   

06-08-23 12:42:56 - Voltage 1.2 - INFO   Finalized test
06-08-23 12:42:57 - Voltage 1.2 - INFO   Current = 0.3798
06-08-23 12:44:13 - Voltage 1.2 - INFO   QC TESTS
06-08-23 12:44:13 - Voltage 1.2 - INFO   Voltage: 1.2, Output Directory: /home/HGCAL_dev/acampbell/econt_sw/econt_sw/testing/testing/ECONT_testing/board999_run6, Board: 999.
06-08-23 12:44:13 - Voltage 1.2 - INFO   Initialize with startup registers
06-08-23 12:44:16 - Voltage 1.2 - INFO   

06-08-23 12:44:16 - Voltage 1.2 - DEBUG  Sending 28 bit PRBS w headers
06-08-23 12:44:16 - Voltage 1.2 - INFO   Scan phase w PRBS err counters
06-08-23 12:44:16 - Voltage 1.2 - DEBUG  Sending 32 bit PRBS w no header mask
06-08-23 12:44:19 - Voltage 1.2 - INFO   Best phase settings found to be [4 4 5 5 5 6 5 7 5 6 6 7]
06-08-23 12:44:19 - Voltage 1.2 - INFO   

06-08-23 12:44:20 - Voltage 1.2 - DEBUG  Set fixed phase 4,4,5,5,5,6,5,7,5,6,6,7
06-08-23 12:44:22 - Voltage 1.2 - INFO   FC status_locked: 1
06-08-23 12:44:22 - Voltage 1.2 - INFO   PUSM status: 9
06-08-23 12:44:22 - Voltage 1.2 - INFO   

06-08-23 12:44:22 - Voltage 1.2 - INFO   Finalized test
06-08-23 12:44:22 - Voltage 1.2 - INFO   Current = 0.3786
06-08-23 12:45:38 - Voltage 1.2 - INFO   QC TESTS
06-08-23 12:45:38 - Voltage 1.2 - INFO   Voltage: 1.2, Output Directory: /home/HGCAL_dev/acampbell/econt_sw/econt_sw/testing/testing/ECONT_testing/board999_run6, Board: 999.
06-08-23 12:45:38 - Voltage 1.2 - INFO   Initialize with startup registers
06-08-23 12:45:41 - Voltage 1.2 - INFO   

06-08-23 12:45:41 - Voltage 1.2 - DEBUG  Sending 28 bit PRBS w headers
06-08-23 12:45:41 - Voltage 1.2 - INFO   Scan phase w PRBS err counters
06-08-23 12:45:41 - Voltage 1.2 - DEBUG  Sending 32 bit PRBS w no header mask
06-08-23 12:45:45 - Voltage 1.2 - INFO   Best phase settings found to be [4 4 5 5 5 6 5 6 5 6 6 6]
06-08-23 12:45:45 - Voltage 1.2 - INFO   

06-08-23 12:45:45 - Voltage 1.2 - DEBUG  Set fixed phase 4,4,5,5,5,6,5,6,5,6,6,6
06-08-23 12:45:47 - Voltage 1.2 - INFO   FC status_locked: 1
06-08-23 12:45:47 - Voltage 1.2 - INFO   PUSM status: 9
06-08-23 12:45:47 - Voltage 1.2 - INFO   

06-08-23 12:45:47 - Voltage 1.2 - INFO   Finalized test
06-08-23 12:45:47 - Voltage 1.2 - INFO   Current = 0.3786
06-08-23 12:47:04 - Voltage 1.2 - INFO   QC TESTS
06-08-23 12:47:04 - Voltage 1.2 - INFO   Voltage: 1.2, Output Directory: /home/HGCAL_dev/acampbell/econt_sw/econt_sw/testing/testing/ECONT_testing/board999_run6, Board: 999.
06-08-23 12:47:04 - Voltage 1.2 - INFO   Initialize with startup registers
06-08-23 12:47:06 - Voltage 1.2 - INFO   

06-08-23 12:47:06 - Voltage 1.2 - DEBUG  Sending 28 bit PRBS w headers
06-08-23 12:47:06 - Voltage 1.2 - INFO   Scan phase w PRBS err counters
06-08-23 12:47:06 - Voltage 1.2 - DEBUG  Sending 32 bit PRBS w no header mask
06-08-23 12:47:10 - Voltage 1.2 - INFO   Best phase settings found to be [12  4  5  5  5  6  5  7  5  6  6  6]
06-08-23 12:47:10 - Voltage 1.2 - INFO   

06-08-23 12:47:11 - Voltage 1.2 - DEBUG  Set fixed phase 12,4,5,5,5,6,5,7,5,6,6,6
06-08-23 12:47:12 - Voltage 1.2 - INFO   FC status_locked: 1
06-08-23 12:47:12 - Voltage 1.2 - INFO   PUSM status: 9
06-08-23 12:47:12 - Voltage 1.2 - INFO   

06-08-23 12:47:12 - Voltage 1.2 - INFO   Finalized test
06-08-23 12:47:13 - Voltage 1.2 - INFO   Current = 0.3799
06-08-23 12:48:29 - Voltage 1.2 - INFO   QC TESTS
06-08-23 12:48:29 - Voltage 1.2 - INFO   Voltage: 1.2, Output Directory: /home/HGCAL_dev/acampbell/econt_sw/econt_sw/testing/testing/ECONT_testing/board999_run6, Board: 999.
06-08-23 12:48:29 - Voltage 1.2 - INFO   Initialize with startup registers
06-08-23 12:48:32 - Voltage 1.2 - INFO   

06-08-23 12:48:32 - Voltage 1.2 - DEBUG  Sending 28 bit PRBS w headers
06-08-23 12:48:32 - Voltage 1.2 - INFO   Scan phase w PRBS err counters
06-08-23 12:48:32 - Voltage 1.2 - DEBUG  Sending 32 bit PRBS w no header mask
06-08-23 12:48:36 - Voltage 1.2 - INFO   Best phase settings found to be [12  4  5  5  5  6  5  7  5  6  6  6]
06-08-23 12:48:36 - Voltage 1.2 - INFO   

06-08-23 12:48:36 - Voltage 1.2 - DEBUG  Set fixed phase 12,4,5,5,5,6,5,7,5,6,6,6
06-08-23 12:48:38 - Voltage 1.2 - INFO   FC status_locked: 1
06-08-23 12:48:38 - Voltage 1.2 - INFO   PUSM status: 9
06-08-23 12:48:38 - Voltage 1.2 - INFO   

06-08-23 12:48:38 - Voltage 1.2 - INFO   Finalized test
06-08-23 12:48:38 - Voltage 1.2 - INFO   Current = 0.3798
06-08-23 12:49:55 - Voltage 1.2 - INFO   QC TESTS
06-08-23 12:49:55 - Voltage 1.2 - INFO   Voltage: 1.2, Output Directory: /home/HGCAL_dev/acampbell/econt_sw/econt_sw/testing/testing/ECONT_testing/board999_run6, Board: 999.
06-08-23 12:49:55 - Voltage 1.2 - INFO   Initialize with startup registers
06-08-23 12:49:57 - Voltage 1.2 - INFO   

06-08-23 12:49:57 - Voltage 1.2 - DEBUG  Sending 28 bit PRBS w headers
06-08-23 12:49:57 - Voltage 1.2 - INFO   Scan phase w PRBS err counters
06-08-23 12:49:57 - Voltage 1.2 - DEBUG  Sending 32 bit PRBS w no header mask
06-08-23 12:50:01 - Voltage 1.2 - INFO   Best phase settings found to be [12  4  5  5  5  6  5  7  5  6  6  6]
06-08-23 12:50:01 - Voltage 1.2 - INFO   

06-08-23 12:50:01 - Voltage 1.2 - DEBUG  Set fixed phase 12,4,5,5,5,6,5,7,5,6,6,6
06-08-23 12:50:03 - Voltage 1.2 - INFO   FC status_locked: 1
06-08-23 12:50:03 - Voltage 1.2 - INFO   PUSM status: 9
06-08-23 12:50:03 - Voltage 1.2 - INFO   

06-08-23 12:50:03 - Voltage 1.2 - INFO   Finalized test
06-08-23 12:50:03 - Voltage 1.2 - INFO   Current = 0.3799
06-08-23 12:51:20 - Voltage 1.2 - INFO   QC TESTS
06-08-23 12:51:20 - Voltage 1.2 - INFO   Voltage: 1.2, Output Directory: /home/HGCAL_dev/acampbell/econt_sw/econt_sw/testing/testing/ECONT_testing/board999_run6, Board: 999.
06-08-23 12:51:20 - Voltage 1.2 - INFO   Initialize with startup registers
06-08-23 12:51:22 - Voltage 1.2 - INFO   

06-08-23 12:51:22 - Voltage 1.2 - DEBUG  Sending 28 bit PRBS w headers
06-08-23 12:51:22 - Voltage 1.2 - INFO   Scan phase w PRBS err counters
06-08-23 12:51:22 - Voltage 1.2 - DEBUG  Sending 32 bit PRBS w no header mask
06-08-23 12:51:26 - Voltage 1.2 - INFO   Best phase settings found to be [4 4 5 5 5 6 5 7 5 6 6 7]
06-08-23 12:51:26 - Voltage 1.2 - INFO   

06-08-23 12:51:27 - Voltage 1.2 - DEBUG  Set fixed phase 4,4,5,5,5,6,5,7,5,6,6,7
06-08-23 12:51:28 - Voltage 1.2 - INFO   FC status_locked: 1
06-08-23 12:51:28 - Voltage 1.2 - INFO   PUSM status: 9
06-08-23 12:51:28 - Voltage 1.2 - INFO   

06-08-23 12:51:28 - Voltage 1.2 - INFO   Finalized test
06-08-23 12:51:29 - Voltage 1.2 - INFO   Current = 0.3787
06-08-23 12:52:45 - Voltage 1.2 - INFO   QC TESTS
06-08-23 12:52:45 - Voltage 1.2 - INFO   Voltage: 1.2, Output Directory: /home/HGCAL_dev/acampbell/econt_sw/econt_sw/testing/testing/ECONT_testing/board999_run6, Board: 999.
06-08-23 12:52:45 - Voltage 1.2 - INFO   Initialize with startup registers
06-08-23 12:52:47 - Voltage 1.2 - INFO   

06-08-23 12:52:47 - Voltage 1.2 - DEBUG  Sending 28 bit PRBS w headers
06-08-23 12:52:48 - Voltage 1.2 - INFO   Scan phase w PRBS err counters
06-08-23 12:52:48 - Voltage 1.2 - DEBUG  Sending 32 bit PRBS w no header mask
06-08-23 12:52:51 - Voltage 1.2 - INFO   Best phase settings found to be [4 4 5 5 5 6 5 7 5 6 6 6]
06-08-23 12:52:51 - Voltage 1.2 - INFO   

06-08-23 12:52:52 - Voltage 1.2 - DEBUG  Set fixed phase 4,4,5,5,5,6,5,7,5,6,6,6
06-08-23 12:52:54 - Voltage 1.2 - INFO   FC status_locked: 1
06-08-23 12:52:54 - Voltage 1.2 - INFO   PUSM status: 9
06-08-23 12:52:54 - Voltage 1.2 - INFO   

06-08-23 12:52:54 - Voltage 1.2 - INFO   Finalized test
06-08-23 12:52:54 - Voltage 1.2 - INFO   Current = 0.3787
06-08-23 12:54:10 - Voltage 1.2 - INFO   QC TESTS
06-08-23 12:54:10 - Voltage 1.2 - INFO   Voltage: 1.2, Output Directory: /home/HGCAL_dev/acampbell/econt_sw/econt_sw/testing/testing/ECONT_testing/board999_run6, Board: 999.
06-08-23 12:54:10 - Voltage 1.2 - INFO   Initialize with startup registers
06-08-23 12:54:13 - Voltage 1.2 - INFO   

06-08-23 12:54:13 - Voltage 1.2 - DEBUG  Sending 28 bit PRBS w headers
06-08-23 12:54:13 - Voltage 1.2 - INFO   Scan phase w PRBS err counters
06-08-23 12:54:13 - Voltage 1.2 - DEBUG  Sending 32 bit PRBS w no header mask
06-08-23 12:54:17 - Voltage 1.2 - INFO   Best phase settings found to be [4 4 5 5 5 6 5 7 5 6 6 6]
06-08-23 12:54:17 - Voltage 1.2 - INFO   

06-08-23 12:54:17 - Voltage 1.2 - DEBUG  Set fixed phase 4,4,5,5,5,6,5,7,5,6,6,6
06-08-23 12:54:19 - Voltage 1.2 - INFO   FC status_locked: 1
06-08-23 12:54:19 - Voltage 1.2 - INFO   PUSM status: 9
06-08-23 12:54:19 - Voltage 1.2 - INFO   

06-08-23 12:54:19 - Voltage 1.2 - INFO   Finalized test
06-08-23 12:54:19 - Voltage 1.2 - INFO   Current = 0.3787
