06-09-23 10:18:19 - Voltage 1.2 - INFO   QC TESTS
06-09-23 10:18:19 - Voltage 1.2 - INFO   Voltage: 1.2, Output Directory: /home/HGCAL_dev/acampbell/econt_sw/econt_sw/testing/testing/ECONT_testing/board999_run11, Board: 999.
06-09-23 10:18:19 - Voltage 1.2 - INFO   Initialize with startup registers
06-09-23 10:18:21 - Voltage 1.2 - INFO   

06-09-23 10:18:21 - Voltage 1.2 - DEBUG  Sending 28 bit PRBS w headers
06-09-23 10:18:21 - Voltage 1.2 - INFO   Scan phase w PRBS err counters
06-09-23 10:18:21 - Voltage 1.2 - DEBUG  Sending 32 bit PRBS w no header mask
06-09-23 10:18:24 - Voltage 1.2 - INFO   Best phase settings found to be [12  4  5  5  6  6  5  7  5  6  6  6]
06-09-23 10:18:24 - Voltage 1.2 - INFO   

06-09-23 10:18:24 - Voltage 1.2 - INFO   From IO delay scan
06-09-23 10:18:26 - Voltage 1.2 - DEBUG  Configured ASIC/emulator with all eTx
06-09-23 10:18:28 - Voltage 1.2 - DEBUG  P-side delay setting: {0: 104, 1: 135, 2: 160, 3: 118, 4: 175, 5: 369, 6: 407, 7: 162, 8: 191, 9: 111, 10: 172, 11: 165, 12: 147}, Eye width: {0: 144, 1: 160, 2: 152, 3: 152, 4: 152, 5: 144, 6: 152, 7: 152, 8: 160, 9: 136, 10: 152, 11: 160, 12: 152}
06-09-23 10:18:28 - Voltage 1.2 - DEBUG  Error counts form IO delay scan: {0: [14234, 6316, 1537, 788, 86, 0, 0, 0, 0, 0, 0, 0, 0, 0, 0, 0, 0, 0, 0, 0, 0, 1, 116, 1182, 7805, 15877, 17453, 15792, 10305, 4197, 904, 99, 0, 0, 0, 0, 0, 0, 0, 0, 0, 0, 0, 0, 0, 0, 0, 0, 63, 686, 3756, 9956, 14190, 16480, 17670, 14061, 5628, 1701, 871, 215, 3, 0, 0], 1: [10335, 15629, 18617, 19578, 15235, 7006, 2007, 141, 1, 0, 0, 0, 0, 0, 0, 0, 0, 0, 0, 0, 0, 0, 0, 0, 0, 0, 63, 1871, 11001, 16731, 16725, 14687, 13761, 7332, 1342, 101, 1, 0, 0, 0, 0, 0, 0, 0, 0, 0, 0, 0, 0, 0, 0, 0, 3, 141, 2107, 11664, 16583, 19419, 18534, 11907, 4669, 2447, 475], 2: [0, 139, 4226, 11665, 15190, 16327, 13271, 8263, 2372, 389, 2, 0, 0, 0, 0, 0, 0, 0, 0, 0, 0, 0, 0, 0, 0, 0, 0, 0, 9, 377, 4115, 12203, 16162, 11240, 7537, 4928, 1329, 95, 0, 0, 0, 0, 0, 0, 0, 0, 0, 0, 0, 0, 0, 0, 0, 0, 0, 2, 167, 3154, 12075, 15156, 15022, 8704, 5319], 3: [17709, 16713, 9995, 2932, 500, 67, 0, 0, 0, 0, 0, 0, 0, 0, 0, 0, 0, 0, 0, 0, 0, 0, 0, 0, 147, 2441, 10351, 16550, 18858, 17233, 10070, 3474, 462, 7, 1, 0, 0, 0, 0, 0, 0, 0, 0, 0, 0, 0, 0, 0, 0, 0, 1, 81, 708, 4319, 14052, 17177, 15957, 14833, 6945, 2629, 507, 57, 1], 4: [0, 0, 2, 398, 6214, 12661, 16059, 17788, 15623, 12666, 5287, 522, 9, 0, 0, 0, 0, 0, 0, 0, 0, 0, 0, 0, 0, 0, 0, 0, 0, 0, 0, 52, 1705, 9360, 16428, 16908, 9123, 8186, 7985, 1140, 9, 0, 0, 0, 0, 0, 0, 0, 0, 0, 0, 0, 0, 0, 0, 0, 0, 0, 21, 610, 5166, 12844, 15117], 5: [551, 5795, 13778, 17488, 19966, 18573, 11554, 3963, 624, 44, 0, 0, 0, 0, 0, 0, 0, 0, 0, 0, 0, 0, 0, 0, 0, 0, 0, 6, 314, 4875, 14216, 18267, 16436, 15114, 12188, 4929, 871, 91, 0, 0, 0, 0, 0, 0, 0, 0, 0, 0, 0, 0, 0, 0, 0, 0, 6, 229, 3242, 12231, 17391, 19855, 18560, 12412, 5348], 6: [0, 0, 0, 0, 0, 173, 3952, 13055, 16850, 18860, 14048, 5387, 758, 11, 0, 0, 0, 0, 0, 0, 0, 0, 0, 0, 0, 0, 0, 0, 0, 0, 0, 0, 1, 102, 3888, 14347, 17535, 13539, 11938, 6867, 807, 17, 0, 0, 0, 0, 0, 0, 0, 0, 0, 0, 0, 0, 0, 0, 0, 0, 0, 0, 30, 1051, 8573], 7: [0, 0, 78, 1736, 9573, 15950, 18669, 18142, 10946, 3612, 619, 27, 0, 0, 0, 0, 0, 0, 0, 0, 0, 0, 0, 0, 0, 0, 0, 0, 0, 2, 340, 4330, 14183, 17663, 16902, 16136, 11317, 4135, 988, 44, 0, 0, 0, 0, 0, 0, 0, 0, 0, 0, 0, 0, 0, 0, 0, 0, 23, 503, 5209, 14379, 18052, 20237, 16232], 8: [0, 0, 0, 0, 0, 5, 433, 5597, 14276, 17809, 19444, 13369, 5502, 1017, 23, 0, 0, 0, 0, 0, 0, 0, 0, 0, 0, 0, 0, 0, 0, 0, 0, 0, 0, 2, 588, 6795, 15379, 19044, 19951, 15950, 7393, 2605, 191, 2, 0, 0, 0, 0, 0, 0, 0, 0, 0, 0, 0, 0, 0, 0, 0, 0, 0, 36, 1200], 9: [12840, 17559, 15391, 7120, 1714, 71, 1, 0, 0, 0, 0, 0, 0, 0, 0, 0, 0, 0, 0, 0, 0, 0, 110, 2323, 9502, 14024, 16671, 19029, 18411, 14413, 13623, 7873, 1907, 231, 3, 0, 0, 0, 0, 0, 0, 0, 0, 0, 0, 0, 0, 0, 0, 32, 439, 2054, 9810, 16170, 18942, 19321, 19603, 15478, 7811, 3112, 672, 16, 0], 10: [0, 0, 4, 135, 1674, 8987, 17318, 17382, 11075, 5312, 2054, 190, 0, 0, 0, 0, 0, 0, 0, 0, 0, 0, 0, 0, 0, 0, 0, 0, 0, 0, 18, 845, 6777, 12305, 17016, 17820, 14295, 6803, 3399, 1249, 91, 2, 0, 0, 0, 0, 0, 0, 0, 0, 0, 0, 0, 0, 0, 0, 0, 0, 43, 676, 5175, 13679, 18950], 11: [0, 0, 9, 426, 6071, 14931, 18110, 12698, 5861, 1859, 98, 0, 0, 0, 0, 0, 0, 0, 0, 0, 0, 0, 0, 0, 0, 0, 0, 0, 0, 0, 58, 2219, 11434, 16437, 17368, 12724, 5721, 2669, 364, 2, 0, 0, 0, 0, 0, 0, 0, 0, 0, 0, 0, 0, 0, 0, 0, 0, 0, 0, 117, 1955, 10346, 19315, 14292], 12: [28, 1068, 9561, 16666, 19764, 16472, 8043, 3288, 623, 13, 0, 0, 0, 0, 0, 0, 0, 0, 0, 0, 0, 0, 0, 0, 0, 0, 0, 2, 548, 6522, 15099, 18366, 19876, 16787, 7982, 3859, 1218, 69, 0, 0, 0, 0, 0, 0, 0, 0, 0, 0, 0, 0, 0, 0, 0, 0, 0, 17, 906, 6817, 16030, 19646, 15306, 7119, 4369]}
06-09-23 10:18:28 - Voltage 1.2 - INFO   

06-09-23 10:18:28 - Voltage 1.2 - DEBUG  Set fixed phase 12,4,5,5,6,6,5,7,5,6,6,6
06-09-23 10:18:30 - Voltage 1.2 - INFO   FC status_locked: 1
06-09-23 10:18:30 - Voltage 1.2 - INFO   PUSM status: 9
06-09-23 10:18:30 - Voltage 1.2 - INFO   

06-09-23 10:18:30 - Voltage 1.2 - INFO   Finalized test
06-09-23 10:18:30 - Voltage 1.2 - INFO   Current = 0.3990
06-09-23 10:20:22 - Voltage 1.2 - INFO   Power: On, Voltage: 1.2004 V, Current: 0.3503 A
06-09-23 10:21:22 - Voltage 1.2 - INFO   QC TESTS
06-09-23 10:21:22 - Voltage 1.2 - INFO   Voltage: 1.2, Output Directory: /home/HGCAL_dev/acampbell/econt_sw/econt_sw/testing/testing/ECONT_testing/board999_run11, Board: 999.
06-09-23 10:21:22 - Voltage 1.2 - INFO   Initialize with startup registers
06-09-23 10:21:24 - Voltage 1.2 - INFO   

06-09-23 10:21:24 - Voltage 1.2 - DEBUG  Sending 28 bit PRBS w headers
06-09-23 10:21:24 - Voltage 1.2 - INFO   Scan phase w PRBS err counters
06-09-23 10:21:24 - Voltage 1.2 - DEBUG  Sending 32 bit PRBS w no header mask
06-09-23 10:21:28 - Voltage 1.2 - INFO   Best phase settings found to be [4 4 5 5 5 6 5 7 5 6 6 7]
06-09-23 10:21:28 - Voltage 1.2 - INFO   

06-09-23 10:21:28 - Voltage 1.2 - INFO   From IO delay scan
06-09-23 10:21:29 - Voltage 1.2 - DEBUG  Configured ASIC/emulator with all eTx
06-09-23 10:21:31 - Voltage 1.2 - DEBUG  P-side delay setting: {0: 104, 1: 133, 2: 379, 3: 118, 4: 178, 5: 147, 6: 186, 7: 381, 8: 417, 9: 111, 10: 172, 11: 390, 12: 371}, Eye width: {0: 144, 1: 160, 2: 144, 3: 152, 4: 152, 5: 152, 6: 160, 7: 136, 8: 152, 9: 136, 10: 152, 11: 152, 12: 144}
06-09-23 10:21:31 - Voltage 1.2 - DEBUG  Error counts form IO delay scan: {0: [14815, 6464, 1632, 783, 101, 0, 0, 0, 0, 0, 0, 0, 0, 0, 0, 0, 0, 0, 0, 0, 0, 0, 91, 1158, 6780, 15736, 17406, 15644, 11289, 4435, 1021, 127, 4, 0, 0, 0, 0, 0, 0, 0, 0, 0, 0, 0, 0, 0, 0, 0, 52, 641, 3347, 10092, 14073, 16505, 17475, 13786, 5981, 1701, 870, 222, 7, 0, 0], 1: [9292, 15601, 18584, 19496, 15544, 7038, 2207, 130, 0, 0, 0, 0, 0, 0, 0, 0, 0, 0, 0, 0, 0, 0, 0, 0, 0, 0, 38, 1658, 9689, 16503, 16906, 14639, 14190, 6990, 1489, 105, 1, 0, 0, 0, 0, 0, 0, 0, 0, 0, 0, 0, 0, 0, 0, 0, 1, 125, 1741, 11172, 17373, 19170, 18920, 11636, 5296, 2457, 566], 2: [2, 123, 3306, 11543, 14977, 16601, 13632, 7714, 2388, 313, 2, 0, 0, 0, 0, 0, 0, 0, 0, 0, 0, 0, 0, 0, 0, 0, 0, 0, 6, 244, 3489, 11982, 15242, 11387, 8138, 5127, 1434, 104, 0, 0, 0, 0, 0, 0, 0, 0, 0, 0, 0, 0, 0, 0, 0, 0, 0, 0, 133, 2993, 11639, 15358, 15238, 8674, 5511], 3: [17527, 16658, 11043, 3074, 558, 83, 1, 0, 0, 0, 0, 0, 0, 0, 0, 0, 0, 0, 0, 0, 0, 0, 0, 2, 115, 2263, 10100, 16518, 19244, 17579, 10890, 3648, 663, 8, 0, 0, 0, 0, 0, 0, 0, 0, 0, 0, 0, 0, 0, 0, 0, 0, 1, 78, 692, 4493, 13689, 17120, 16428, 15092, 7444, 2537, 576, 62, 0], 4: [0, 0, 2, 332, 5565, 12392, 15648, 17724, 15490, 12326, 5568, 557, 12, 0, 0, 0, 0, 0, 0, 0, 0, 0, 0, 0, 0, 0, 0, 0, 0, 0, 0, 49, 1366, 9479, 16025, 17412, 9349, 7998, 8006, 1136, 24, 0, 0, 0, 0, 0, 0, 0, 0, 0, 0, 0, 0, 0, 0, 0, 0, 0, 7, 507, 4538, 12603, 14884], 5: [393, 5249, 13450, 17612, 19908, 18866, 12014, 3852, 714, 38, 0, 0, 0, 0, 0, 0, 0, 0, 0, 0, 0, 0, 0, 0, 0, 0, 0, 5, 229, 4210, 13950, 18288, 16999, 15231, 12747, 5298, 958, 112, 0, 0, 0, 0, 0, 0, 0, 0, 0, 0, 0, 0, 0, 0, 0, 0, 5, 251, 2881, 12042, 17134, 21564, 18665, 12553, 5545], 6: [0, 0, 0, 0, 0, 157, 3666, 11967, 16740, 19143, 14330, 4960, 817, 19, 0, 0, 0, 0, 0, 0, 0, 0, 0, 0, 0, 0, 0, 0, 0, 0, 0, 0, 1, 132, 3327, 12754, 17687, 13741, 12084, 6381, 894, 16, 0, 0, 0, 0, 0, 0, 0, 0, 0, 0, 0, 0, 0, 0, 0, 0, 0, 0, 26, 1054, 8285], 7: [0, 1, 74, 1609, 9119, 15763, 18679, 17977, 11247, 3644, 667, 28, 0, 0, 0, 0, 0, 0, 0, 0, 0, 0, 0, 0, 0, 0, 0, 0, 0, 5, 247, 4036, 13794, 17585, 17043, 16145, 11952, 4509, 1069, 39, 0, 0, 0, 0, 0, 0, 0, 0, 0, 0, 0, 0, 0, 0, 0, 0, 19, 465, 4505, 14229, 17939, 20158, 16440], 8: [0, 0, 0, 0, 0, 1, 439, 5523, 13929, 17904, 19630, 13409, 5720, 1081, 16, 0, 0, 0, 0, 0, 0, 0, 0, 0, 0, 0, 0, 0, 0, 0, 0, 0, 0, 4, 402, 6591, 15108, 19039, 20229, 16181, 7648, 2692, 210, 2, 0, 0, 0, 0, 0, 0, 0, 0, 0, 0, 0, 0, 0, 0, 0, 0, 0, 20, 1122], 9: [12498, 17513, 15836, 7517, 1880, 75, 2, 0, 0, 0, 0, 0, 0, 0, 0, 0, 0, 0, 0, 0, 0, 1, 82, 2162, 9226, 13962, 16396, 18976, 18562, 14246, 13640, 8186, 2109, 283, 6, 0, 0, 0, 0, 0, 0, 0, 0, 0, 0, 0, 0, 0, 0, 28, 490, 1770, 9674, 15936, 18838, 18723, 19352, 15301, 8621, 3107, 664, 18, 0], 10: [0, 0, 4, 102, 1518, 8543, 17421, 17397, 11394, 5637, 2078, 145, 1, 0, 0, 0, 0, 0, 0, 0, 0, 0, 0, 0, 0, 0, 0, 0, 0, 0, 7, 747, 6332, 12580, 14995, 18205, 14959, 7200, 3469, 1338, 89, 0, 0, 0, 0, 0, 0, 0, 0, 0, 0, 0, 0, 0, 0, 0, 0, 1, 53, 586, 4817, 13306, 19180], 11: [0, 0, 9, 331, 5702, 14959, 18529, 12934, 6090, 2102, 115, 0, 0, 0, 0, 0, 0, 0, 0, 0, 0, 0, 0, 0, 0, 0, 0, 0, 0, 0, 66, 1891, 10662, 16166, 17381, 13321, 6076, 2833, 316, 14, 0, 0, 0, 0, 0, 0, 0, 0, 0, 0, 0, 0, 0, 0, 0, 0, 0, 0, 68, 1608, 9743, 17539, 15008], 12: [38, 899, 8853, 16616, 19628, 16742, 8271, 3496, 661, 28, 0, 0, 0, 0, 0, 0, 0, 0, 0, 0, 0, 0, 0, 0, 0, 0, 0, 7, 400, 6127, 14987, 18186, 19976, 17245, 8367, 4040, 1341, 71, 0, 0, 0, 0, 0, 0, 0, 0, 0, 0, 0, 0, 0, 0, 0, 0, 0, 16, 717, 6208, 15693, 19507, 15504, 7231, 4414]}
06-09-23 10:21:31 - Voltage 1.2 - INFO   

06-09-23 10:21:31 - Voltage 1.2 - DEBUG  Set fixed phase 4,4,5,5,5,6,5,7,5,6,6,7
06-09-23 10:21:33 - Voltage 1.2 - INFO   FC status_locked: 1
06-09-23 10:21:33 - Voltage 1.2 - INFO   PUSM status: 9
06-09-23 10:21:33 - Voltage 1.2 - INFO   

06-09-23 10:21:33 - Voltage 1.2 - INFO   Finalized test
06-09-23 10:21:33 - Voltage 1.2 - INFO   Current = 0.3979
06-09-23 10:22:50 - Voltage 1.2 - INFO   QC TESTS
06-09-23 10:22:50 - Voltage 1.2 - INFO   Voltage: 1.2, Output Directory: /home/HGCAL_dev/acampbell/econt_sw/econt_sw/testing/testing/ECONT_testing/board999_run11, Board: 999.
06-09-23 10:22:50 - Voltage 1.2 - INFO   Initialize with startup registers
06-09-23 10:22:52 - Voltage 1.2 - INFO   

06-09-23 10:22:52 - Voltage 1.2 - DEBUG  Sending 28 bit PRBS w headers
06-09-23 10:22:52 - Voltage 1.2 - INFO   Scan phase w PRBS err counters
06-09-23 10:22:52 - Voltage 1.2 - DEBUG  Sending 32 bit PRBS w no header mask
06-09-23 10:22:56 - Voltage 1.2 - INFO   Best phase settings found to be [12  4  5  6  6  6  5  7  5  6  6  7]
06-09-23 10:22:56 - Voltage 1.2 - INFO   

06-09-23 10:22:56 - Voltage 1.2 - INFO   From IO delay scan
06-09-23 10:22:58 - Voltage 1.2 - DEBUG  Configured ASIC/emulator with all eTx
06-09-23 10:22:59 - Voltage 1.2 - DEBUG  P-side delay setting: {0: 104, 1: 134, 2: 158, 3: 119, 4: 175, 5: 148, 6: 186, 7: 162, 8: 191, 9: 110, 10: 172, 11: 164, 12: 146}, Eye width: {0: 152, 1: 152, 2: 152, 3: 152, 4: 152, 5: 160, 6: 160, 7: 152, 8: 168, 9: 136, 10: 144, 11: 160, 12: 152}
06-09-23 10:22:59 - Voltage 1.2 - DEBUG  Error counts form IO delay scan: {0: [14035, 5699, 1499, 706, 69, 1, 0, 0, 0, 0, 0, 0, 0, 0, 0, 0, 0, 0, 0, 0, 0, 0, 95, 1319, 8059, 16064, 17467, 16961, 10392, 3848, 871, 93, 1, 0, 0, 0, 0, 0, 0, 0, 0, 0, 0, 0, 0, 0, 0, 0, 58, 786, 3830, 10429, 13992, 16591, 17499, 13426, 5465, 1641, 859, 187, 5, 0, 0], 1: [10542, 15861, 18910, 19565, 15104, 6435, 2097, 110, 0, 0, 0, 0, 0, 0, 0, 0, 0, 0, 0, 0, 0, 0, 0, 0, 0, 0, 42, 2125, 10936, 16919, 16801, 14999, 14036, 6522, 1197, 94, 0, 0, 0, 0, 0, 0, 0, 0, 0, 0, 0, 0, 0, 0, 0, 0, 0, 151, 2194, 11683, 16577, 19641, 18445, 11446, 4591, 2237, 429], 2: [0, 180, 4412, 12151, 15328, 16372, 13108, 7459, 2445, 297, 0, 0, 0, 0, 0, 0, 0, 0, 0, 0, 0, 0, 0, 0, 0, 0, 0, 0, 2, 406, 3982, 12620, 15043, 11129, 8409, 4524, 1091, 79, 0, 0, 0, 0, 0, 0, 0, 0, 0, 0, 0, 0, 0, 0, 0, 0, 0, 1, 148, 3448, 12581, 15542, 14640, 8226, 5151], 3: [16377, 16796, 9920, 2577, 570, 66, 1, 0, 0, 0, 0, 0, 0, 0, 0, 0, 0, 0, 0, 0, 0, 0, 0, 0, 157, 2776, 10718, 17058, 19065, 17224, 11293, 3237, 507, 12, 0, 0, 0, 0, 0, 0, 0, 0, 0, 0, 0, 0, 0, 0, 0, 0, 5, 92, 831, 4883, 14360, 17524, 16374, 15021, 6699, 2536, 501, 47, 1], 4: [0, 0, 10, 486, 6306, 12816, 15851, 17432, 15515, 12163, 4897, 405, 12, 0, 0, 0, 0, 0, 0, 0, 0, 0, 0, 0, 0, 0, 0, 0, 0, 0, 0, 75, 1973, 10092, 16685, 16821, 8745, 8151, 7797, 807, 10, 0, 0, 0, 0, 0, 0, 0, 0, 0, 0, 0, 0, 0, 0, 0, 0, 0, 12, 569, 5644, 13235, 14848], 5: [616, 6782, 14102, 18092, 20029, 18390, 11555, 3387, 530, 25, 0, 0, 0, 0, 0, 0, 0, 0, 0, 0, 0, 0, 0, 0, 0, 0, 0, 3, 346, 5150, 14498, 18321, 16413, 15360, 11843, 4537, 746, 83, 0, 0, 0, 0, 0, 0, 0, 0, 0, 0, 0, 0, 0, 0, 0, 0, 5, 242, 3635, 12729, 17595, 20062, 18151, 12232, 5218], 6: [0, 0, 0, 0, 3, 298, 4456, 14122, 17290, 19149, 13470, 4489, 655, 11, 0, 0, 0, 0, 0, 0, 0, 0, 0, 0, 0, 0, 0, 0, 0, 0, 0, 0, 2, 159, 4154, 13581, 17735, 13316, 11923, 5917, 738, 23, 0, 0, 0, 0, 0, 0, 0, 0, 0, 0, 0, 0, 0, 0, 0, 0, 0, 0, 45, 1381, 8829], 7: [0, 2, 105, 2394, 9743, 16428, 18510, 17484, 10471, 3162, 556, 28, 0, 0, 0, 0, 0, 0, 0, 0, 0, 0, 0, 0, 0, 0, 0, 0, 0, 4, 311, 4847, 14467, 17895, 16761, 16044, 10969, 4197, 942, 26, 0, 0, 0, 0, 0, 0, 0, 0, 0, 0, 0, 0, 0, 0, 0, 0, 28, 521, 5552, 14682, 18297, 20117, 16184], 8: [0, 0, 0, 0, 0, 2, 482, 6798, 14568, 18398, 19517, 12563, 5359, 875, 26, 0, 0, 0, 0, 0, 0, 0, 0, 0, 0, 0, 0, 0, 0, 0, 0, 0, 0, 6, 578, 7379, 15724, 19473, 20115, 15838, 8308, 2595, 165, 1, 0, 0, 0, 0, 0, 0, 0, 0, 0, 0, 0, 0, 0, 0, 0, 0, 1, 29, 1283], 9: [13207, 17950, 15390, 6555, 1583, 51, 0, 0, 0, 0, 0, 0, 0, 0, 0, 0, 0, 0, 0, 0, 0, 0, 130, 2507, 9551, 15361, 16765, 19127, 18288, 14411, 13557, 7491, 1819, 216, 3, 0, 0, 0, 0, 0, 0, 0, 0, 0, 0, 0, 0, 0, 0, 24, 468, 2404, 9942, 16125, 18756, 19261, 19528, 14828, 7247, 2857, 558, 8, 0], 10: [0, 0, 3, 183, 1800, 9985, 17622, 17194, 10683, 5039, 1682, 126, 2, 0, 0, 0, 0, 0, 0, 0, 0, 0, 0, 0, 0, 0, 0, 0, 0, 0, 9, 1090, 7886, 12761, 15666, 18280, 14309, 6873, 3355, 1207, 80, 0, 0, 0, 0, 0, 0, 0, 0, 0, 0, 0, 0, 0, 0, 0, 0, 0, 63, 784, 5433, 14140, 19277], 11: [0, 0, 11, 623, 6491, 15744, 18409, 11799, 5757, 1544, 60, 0, 0, 0, 0, 0, 0, 0, 0, 0, 0, 0, 0, 0, 0, 0, 0, 0, 0, 0, 95, 2567, 11673, 16450, 17316, 12477, 5328, 2529, 296, 8, 0, 0, 0, 0, 0, 0, 0, 0, 0, 0, 0, 0, 0, 0, 0, 0, 0, 2, 157, 2070, 10693, 17780, 14212], 12: [66, 1269, 10134, 17040, 19604, 15875, 7917, 2973, 610, 8, 2, 0, 0, 0, 0, 0, 0, 0, 0, 0, 0, 0, 0, 0, 0, 0, 0, 15, 676, 7272, 15313, 18531, 20008, 16992, 7692, 3854, 1115, 36, 0, 0, 0, 0, 0, 0, 0, 0, 0, 0, 0, 0, 0, 0, 0, 0, 0, 33, 866, 7102, 16338, 19711, 15181, 6762, 4348]}
06-09-23 10:22:59 - Voltage 1.2 - INFO   

06-09-23 10:23:00 - Voltage 1.2 - DEBUG  Set fixed phase 12,4,5,6,6,6,5,7,5,6,6,7
06-09-23 10:23:01 - Voltage 1.2 - INFO   FC status_locked: 1
06-09-23 10:23:01 - Voltage 1.2 - INFO   PUSM status: 9
06-09-23 10:23:01 - Voltage 1.2 - INFO   

06-09-23 10:23:01 - Voltage 1.2 - INFO   Finalized test
06-09-23 10:23:02 - Voltage 1.2 - INFO   Current = 0.3993
06-09-23 10:24:18 - Voltage 1.2 - INFO   QC TESTS
06-09-23 10:24:18 - Voltage 1.2 - INFO   Voltage: 1.2, Output Directory: /home/HGCAL_dev/acampbell/econt_sw/econt_sw/testing/testing/ECONT_testing/board999_run11, Board: 999.
06-09-23 10:24:18 - Voltage 1.2 - INFO   Initialize with startup registers
06-09-23 10:24:21 - Voltage 1.2 - INFO   

06-09-23 10:24:21 - Voltage 1.2 - DEBUG  Sending 28 bit PRBS w headers
06-09-23 10:24:21 - Voltage 1.2 - INFO   Scan phase w PRBS err counters
06-09-23 10:24:21 - Voltage 1.2 - DEBUG  Sending 32 bit PRBS w no header mask
06-09-23 10:24:25 - Voltage 1.2 - INFO   Best phase settings found to be [12  4  6  6  6  6  5  7  5  6  6  7]
06-09-23 10:24:25 - Voltage 1.2 - INFO   

06-09-23 10:24:25 - Voltage 1.2 - INFO   From IO delay scan
06-09-23 10:24:26 - Voltage 1.2 - DEBUG  Configured ASIC/emulator with all eTx
06-09-23 10:24:28 - Voltage 1.2 - DEBUG  P-side delay setting: {0: 318, 1: 132, 2: 157, 3: 118, 4: 175, 5: 146, 6: 186, 7: 382, 8: 190, 9: 109, 10: 395, 11: 164, 12: 145}, Eye width: {0: 136, 1: 152, 2: 152, 3: 152, 4: 152, 5: 160, 6: 160, 7: 136, 8: 168, 9: 136, 10: 144, 11: 160, 12: 152}
06-09-23 10:24:28 - Voltage 1.2 - DEBUG  Error counts form IO delay scan: {0: [13219, 5248, 1442, 667, 57, 0, 0, 0, 0, 0, 0, 0, 0, 0, 0, 0, 0, 0, 0, 0, 0, 2, 154, 1562, 8673, 16323, 17149, 15039, 9955, 3572, 801, 81, 2, 0, 0, 0, 0, 0, 0, 0, 0, 0, 0, 0, 0, 0, 0, 4, 86, 948, 4569, 12055, 14248, 16728, 17478, 13389, 4935, 1587, 816, 184, 3, 0, 0], 1: [11181, 15926, 19131, 19513, 14144, 6380, 1754, 113, 1, 0, 0, 0, 0, 0, 0, 0, 0, 0, 0, 0, 0, 0, 0, 0, 0, 0, 86, 2435, 11496, 16847, 16511, 16083, 13498, 6376, 1106, 77, 0, 0, 0, 0, 0, 0, 0, 0, 0, 0, 0, 0, 0, 0, 0, 0, 2, 218, 2821, 12197, 16679, 19641, 17921, 10861, 4353, 2234, 433], 2: [2, 155, 4861, 13501, 15637, 16633, 13036, 7105, 2060, 228, 1, 0, 0, 0, 0, 0, 0, 0, 0, 0, 0, 0, 0, 0, 0, 0, 0, 0, 7, 444, 4582, 12889, 14679, 10708, 7237, 4389, 1003, 49, 0, 0, 0, 0, 0, 0, 0, 0, 0, 0, 0, 0, 0, 0, 0, 0, 0, 2, 190, 3856, 12519, 15490, 14675, 7810, 4883], 3: [15918, 16632, 9286, 2269, 437, 55, 0, 0, 0, 0, 0, 0, 0, 0, 0, 0, 0, 0, 0, 0, 0, 0, 0, 1, 251, 3095, 11113, 17405, 19136, 16664, 9706, 3095, 377, 2, 0, 0, 0, 0, 0, 0, 0, 0, 0, 0, 0, 0, 0, 0, 0, 0, 2, 114, 929, 5452, 14698, 17205, 15756, 14403, 6415, 2374, 430, 34, 0], 4: [0, 0, 5, 472, 6942, 13149, 16128, 17656, 15317, 12102, 4577, 354, 2, 0, 0, 0, 0, 0, 0, 0, 0, 0, 0, 0, 0, 0, 0, 0, 0, 0, 1, 86, 2153, 10598, 16647, 16293, 8766, 8340, 7052, 776, 3, 0, 0, 0, 0, 0, 0, 0, 0, 0, 0, 0, 0, 0, 0, 0, 0, 0, 15, 705, 6067, 13357, 15240], 5: [768, 7021, 14479, 18095, 20175, 18449, 10336, 3211, 459, 28, 0, 0, 0, 0, 0, 0, 0, 0, 0, 0, 0, 0, 0, 0, 0, 0, 0, 6, 418, 5654, 16752, 18554, 16021, 15427, 12142, 4098, 673, 60, 0, 0, 0, 0, 0, 0, 0, 0, 0, 0, 0, 0, 0, 0, 0, 0, 10, 300, 3934, 13355, 17685, 20020, 18020, 11526, 4918], 6: [0, 0, 0, 0, 9, 251, 4872, 12932, 17338, 18988, 13218, 4060, 545, 5, 0, 0, 0, 0, 0, 0, 0, 0, 0, 0, 0, 0, 0, 0, 0, 0, 0, 0, 0, 190, 4880, 14077, 17500, 13267, 11861, 5344, 634, 3, 0, 0, 0, 0, 0, 0, 0, 0, 0, 0, 0, 0, 0, 0, 0, 0, 0, 0, 54, 1401, 9760], 7: [0, 0, 144, 2440, 10584, 16596, 18566, 17210, 9908, 3066, 511, 17, 0, 0, 0, 0, 0, 0, 0, 0, 0, 0, 0, 0, 0, 0, 0, 0, 0, 10, 392, 5196, 14913, 17788, 16424, 15658, 10310, 3845, 721, 10, 0, 0, 0, 0, 0, 0, 0, 0, 0, 0, 0, 0, 0, 0, 0, 0, 40, 726, 6050, 14919, 18467, 21901, 15407], 8: [0, 0, 0, 0, 0, 9, 732, 6862, 14749, 18306, 19374, 12191, 4888, 651, 7, 0, 0, 0, 0, 0, 0, 0, 0, 0, 0, 0, 0, 0, 0, 0, 0, 0, 0, 2, 843, 8037, 15998, 19490, 20158, 15145, 6593, 2511, 142, 0, 0, 0, 0, 0, 0, 0, 0, 0, 0, 0, 0, 0, 0, 0, 0, 0, 0, 57, 1761], 9: [13550, 17875, 14880, 6408, 1399, 54, 0, 0, 0, 0, 0, 0, 0, 0, 0, 0, 0, 0, 0, 0, 0, 0, 196, 2931, 10191, 15507, 16788, 19024, 18095, 14670, 13427, 7054, 1587, 170, 1, 0, 0, 0, 0, 0, 0, 0, 0, 0, 0, 0, 0, 0, 1, 54, 528, 2457, 10918, 16475, 18945, 19368, 19308, 14258, 6869, 2853, 408, 16, 0], 10: [0, 0, 4, 189, 2082, 10165, 16398, 17205, 9981, 4898, 1554, 101, 1, 0, 0, 0, 0, 0, 0, 0, 0, 0, 0, 0, 0, 0, 0, 0, 0, 0, 20, 1204, 7959, 12949, 15854, 18272, 13107, 5825, 3160, 994, 60, 0, 0, 0, 0, 0, 0, 0, 0, 0, 0, 0, 0, 0, 0, 0, 0, 1, 74, 875, 6300, 14644, 19347], 11: [0, 0, 40, 689, 7485, 16023, 18148, 11346, 5410, 1472, 42, 0, 0, 0, 0, 0, 0, 0, 0, 0, 0, 0, 0, 0, 0, 0, 0, 0, 0, 0, 119, 2885, 12002, 16672, 16954, 11929, 5016, 2354, 213, 2, 0, 0, 0, 0, 0, 0, 0, 0, 0, 0, 0, 0, 0, 0, 0, 0, 0, 0, 171, 2454, 13136, 17665, 13410], 12: [70, 1388, 10894, 17355, 19672, 15318, 7285, 2805, 433, 12, 0, 0, 0, 0, 0, 0, 0, 0, 0, 0, 0, 0, 0, 0, 0, 0, 0, 6, 778, 7617, 15677, 18667, 19818, 16104, 7292, 3676, 1030, 27, 0, 0, 0, 0, 0, 0, 0, 0, 0, 0, 0, 0, 0, 0, 0, 0, 0, 26, 1024, 7941, 16726, 19615, 14176, 6325, 4249]}
06-09-23 10:24:28 - Voltage 1.2 - INFO   

06-09-23 10:24:28 - Voltage 1.2 - DEBUG  Set fixed phase 12,4,6,6,6,6,5,7,5,6,6,7
06-09-23 10:24:30 - Voltage 1.2 - INFO   FC status_locked: 1
06-09-23 10:24:30 - Voltage 1.2 - INFO   PUSM status: 9
06-09-23 10:24:30 - Voltage 1.2 - INFO   

06-09-23 10:24:30 - Voltage 1.2 - INFO   Finalized test
06-09-23 10:24:30 - Voltage 1.2 - INFO   Current = 0.3993
06-09-23 10:25:47 - Voltage 1.2 - INFO   QC TESTS
06-09-23 10:25:47 - Voltage 1.2 - INFO   Voltage: 1.2, Output Directory: /home/HGCAL_dev/acampbell/econt_sw/econt_sw/testing/testing/ECONT_testing/board999_run11, Board: 999.
06-09-23 10:25:47 - Voltage 1.2 - INFO   Initialize with startup registers
06-09-23 10:25:49 - Voltage 1.2 - INFO   

06-09-23 10:25:49 - Voltage 1.2 - DEBUG  Sending 28 bit PRBS w headers
06-09-23 10:25:49 - Voltage 1.2 - INFO   Scan phase w PRBS err counters
06-09-23 10:25:49 - Voltage 1.2 - DEBUG  Sending 32 bit PRBS w no header mask
06-09-23 10:25:53 - Voltage 1.2 - INFO   Best phase settings found to be [12  4  6  6  6  6  5  7  5  6  6  7]
06-09-23 10:25:53 - Voltage 1.2 - INFO   

06-09-23 10:25:53 - Voltage 1.2 - INFO   From IO delay scan
06-09-23 10:25:55 - Voltage 1.2 - DEBUG  Configured ASIC/emulator with all eTx
06-09-23 10:25:56 - Voltage 1.2 - DEBUG  P-side delay setting: {0: 104, 1: 133, 2: 157, 3: 117, 4: 176, 5: 148, 6: 184, 7: 161, 8: 190, 9: 109, 10: 170, 11: 162, 12: 145}, Eye width: {0: 144, 1: 160, 2: 152, 3: 152, 4: 152, 5: 152, 6: 160, 7: 152, 8: 160, 9: 136, 10: 152, 11: 160, 12: 152}
06-09-23 10:25:56 - Voltage 1.2 - DEBUG  Error counts form IO delay scan: {0: [12932, 4730, 1400, 635, 54, 0, 0, 0, 0, 0, 0, 0, 0, 0, 0, 0, 0, 0, 0, 0, 0, 0, 166, 1660, 9270, 16742, 17307, 15022, 9913, 3437, 743, 78, 1, 0, 0, 0, 0, 0, 0, 0, 0, 0, 0, 0, 0, 0, 0, 2, 103, 986, 4872, 11279, 14389, 17180, 17425, 12532, 4627, 1452, 795, 154, 0, 0, 0], 1: [11419, 16045, 19176, 19377, 13729, 5861, 1665, 72, 0, 0, 0, 0, 0, 0, 0, 0, 0, 0, 0, 0, 0, 0, 0, 0, 0, 0, 122, 2824, 12047, 17018, 16298, 14975, 13245, 5815, 1054, 60, 0, 0, 0, 0, 0, 0, 0, 0, 0, 0, 0, 0, 0, 0, 0, 0, 7, 260, 3211, 13072, 16871, 19476, 17719, 11556, 4154, 2054, 328], 2: [4, 305, 5379, 12772, 15674, 16134, 13042, 7190, 1917, 223, 0, 0, 0, 0, 0, 0, 0, 0, 0, 0, 0, 0, 0, 0, 0, 0, 0, 0, 17, 503, 5032, 13001, 14627, 10794, 7211, 4217, 813, 49, 0, 0, 0, 0, 0, 0, 0, 0, 0, 0, 0, 0, 0, 0, 0, 0, 0, 2, 243, 4621, 13189, 15640, 14197, 7684, 4776], 3: [15819, 16287, 8641, 2222, 414, 42, 1, 0, 0, 0, 0, 0, 0, 0, 0, 0, 0, 0, 0, 0, 0, 0, 0, 0, 284, 3418, 11952, 17417, 18964, 16398, 9229, 2882, 329, 2, 0, 0, 0, 0, 0, 0, 0, 0, 0, 0, 0, 0, 0, 0, 0, 0, 5, 119, 916, 6211, 15151, 17192, 15782, 14184, 6099, 2283, 387, 20, 0], 4: [0, 0, 9, 709, 7647, 13277, 16219, 17714, 15450, 12024, 4222, 277, 4, 0, 0, 0, 0, 0, 0, 0, 0, 0, 0, 0, 0, 0, 0, 0, 0, 0, 0, 120, 2700, 11060, 16919, 16141, 8293, 8296, 6984, 683, 9, 0, 0, 0, 0, 0, 0, 0, 0, 0, 0, 0, 0, 0, 0, 0, 0, 0, 35, 804, 6551, 13532, 15283], 5: [757, 7247, 14863, 18226, 20024, 17845, 10123, 2991, 412, 16, 0, 0, 0, 0, 0, 0, 0, 0, 0, 0, 0, 0, 0, 0, 0, 0, 0, 6, 471, 5836, 15334, 18513, 15772, 15309, 11144, 4021, 582, 55, 0, 0, 0, 0, 0, 0, 0, 0, 0, 0, 0, 0, 0, 0, 0, 0, 15, 256, 4790, 13656, 19531, 19886, 17779, 11328, 5129], 6: [0, 0, 0, 0, 3, 334, 5615, 13448, 17514, 19009, 12645, 3850, 527, 10, 0, 0, 0, 0, 0, 0, 0, 0, 0, 0, 0, 0, 0, 0, 0, 0, 0, 0, 2, 170, 5324, 14452, 17470, 13151, 11525, 5023, 526, 5, 0, 0, 0, 0, 0, 0, 0, 0, 0, 0, 0, 0, 0, 0, 0, 0, 0, 0, 55, 1582, 10363], 7: [0, 4, 146, 2549, 11117, 16627, 18622, 17218, 9353, 2917, 465, 17, 0, 0, 0, 0, 0, 0, 0, 0, 0, 0, 0, 0, 0, 0, 0, 0, 0, 6, 458, 5537, 15055, 18012, 16547, 15761, 9955, 3648, 701, 7, 0, 0, 0, 0, 0, 0, 0, 0, 0, 0, 0, 0, 0, 0, 0, 0, 43, 665, 6873, 15224, 18768, 19900, 15114], 8: [0, 0, 0, 0, 0, 6, 812, 7867, 15131, 18370, 19192, 11596, 4803, 666, 5, 0, 0, 0, 0, 0, 0, 0, 0, 0, 0, 0, 0, 0, 0, 0, 0, 0, 0, 7, 886, 8354, 16186, 19575, 19912, 14974, 6293, 2217, 121, 0, 0, 0, 0, 0, 0, 0, 0, 0, 0, 0, 0, 0, 0, 0, 0, 0, 0, 43, 1953], 9: [13736, 17826, 14764, 6097, 1140, 26, 1, 0, 0, 0, 0, 0, 0, 0, 0, 0, 0, 0, 0, 0, 0, 0, 247, 3193, 10569, 14384, 17144, 19178, 18063, 14287, 12837, 6946, 1523, 160, 0, 0, 0, 0, 0, 0, 0, 0, 0, 0, 0, 0, 0, 0, 0, 64, 555, 2732, 11468, 18146, 18963, 19381, 19071, 15492, 6620, 2727, 433, 5, 0], 10: [0, 0, 11, 189, 2368, 10438, 16339, 17176, 9659, 4896, 1368, 96, 1, 0, 0, 0, 0, 0, 0, 0, 0, 0, 0, 0, 0, 0, 0, 0, 0, 0, 20, 1374, 8221, 14220, 16215, 18235, 13246, 6385, 3111, 977, 32, 0, 0, 0, 0, 0, 0, 0, 0, 0, 0, 0, 0, 0, 0, 0, 0, 3, 85, 1012, 6714, 14895, 19563], 11: [0, 1, 37, 614, 7778, 16134, 17970, 10845, 5291, 1361, 31, 0, 0, 0, 0, 0, 0, 0, 0, 0, 0, 0, 0, 0, 0, 0, 0, 0, 0, 0, 127, 3335, 12413, 16891, 16637, 11439, 4992, 2204, 190, 1, 0, 0, 0, 0, 0, 0, 0, 0, 0, 0, 0, 0, 0, 0, 0, 0, 0, 3, 195, 3108, 12565, 17705, 13088], 12: [78, 1559, 11501, 17237, 19510, 14876, 7241, 2758, 414, 5, 0, 0, 0, 0, 0, 0, 0, 0, 0, 0, 0, 0, 0, 0, 0, 0, 0, 12, 1024, 8039, 15911, 18797, 19855, 15965, 7059, 3624, 973, 33, 0, 0, 0, 0, 0, 0, 0, 0, 0, 0, 0, 0, 0, 0, 0, 0, 0, 43, 1289, 8144, 16970, 19612, 13952, 6112, 4253]}
06-09-23 10:25:56 - Voltage 1.2 - INFO   

06-09-23 10:25:57 - Voltage 1.2 - DEBUG  Set fixed phase 12,4,6,6,6,6,5,7,5,6,6,7
06-09-23 10:25:58 - Voltage 1.2 - INFO   FC status_locked: 1
06-09-23 10:25:58 - Voltage 1.2 - INFO   PUSM status: 9
06-09-23 10:25:58 - Voltage 1.2 - INFO   

06-09-23 10:25:58 - Voltage 1.2 - INFO   Finalized test
06-09-23 10:25:59 - Voltage 1.2 - INFO   Current = 0.3993
06-09-23 10:27:15 - Voltage 1.2 - INFO   QC TESTS
06-09-23 10:27:15 - Voltage 1.2 - INFO   Voltage: 1.2, Output Directory: /home/HGCAL_dev/acampbell/econt_sw/econt_sw/testing/testing/ECONT_testing/board999_run11, Board: 999.
06-09-23 10:27:15 - Voltage 1.2 - INFO   Initialize with startup registers
06-09-23 10:27:18 - Voltage 1.2 - INFO   

06-09-23 10:27:18 - Voltage 1.2 - DEBUG  Sending 28 bit PRBS w headers
06-09-23 10:27:18 - Voltage 1.2 - INFO   Scan phase w PRBS err counters
06-09-23 10:27:18 - Voltage 1.2 - DEBUG  Sending 32 bit PRBS w no header mask
06-09-23 10:27:22 - Voltage 1.2 - INFO   Best phase settings found to be [12  4  5  6  6  6  5  7  5  6  6  7]
06-09-23 10:27:22 - Voltage 1.2 - INFO   

06-09-23 10:27:22 - Voltage 1.2 - INFO   From IO delay scan
06-09-23 10:27:23 - Voltage 1.2 - DEBUG  Configured ASIC/emulator with all eTx
06-09-23 10:27:25 - Voltage 1.2 - DEBUG  P-side delay setting: {0: 103, 1: 133, 2: 157, 3: 119, 4: 176, 5: 368, 6: 184, 7: 160, 8: 191, 9: 110, 10: 172, 11: 389, 12: 145}, Eye width: {0: 144, 1: 152, 2: 144, 3: 152, 4: 144, 5: 144, 6: 160, 7: 152, 8: 160, 9: 136, 10: 152, 11: 152, 12: 152}
06-09-23 10:27:25 - Voltage 1.2 - DEBUG  Error counts form IO delay scan: {0: [13058, 4582, 1389, 644, 52, 0, 0, 0, 0, 0, 0, 0, 0, 0, 0, 0, 0, 0, 0, 0, 0, 2, 153, 1741, 8729, 16640, 17169, 15181, 9709, 3380, 742, 54, 0, 0, 0, 0, 0, 0, 0, 0, 0, 0, 0, 0, 0, 0, 0, 1, 82, 1042, 4439, 11185, 13994, 16810, 17455, 12599, 4679, 1517, 803, 150, 5, 0, 0], 1: [11432, 16307, 19261, 19227, 14141, 5832, 1693, 57, 2, 0, 0, 0, 0, 0, 0, 0, 0, 0, 0, 0, 0, 0, 0, 0, 0, 0, 66, 2598, 11832, 16960, 16307, 15020, 13250, 5735, 1032, 59, 1, 0, 0, 0, 0, 0, 0, 0, 0, 0, 0, 0, 0, 0, 0, 0, 1, 245, 2818, 12785, 16996, 19561, 17837, 10451, 4304, 2157, 398], 2: [0, 318, 5486, 12631, 15611, 16293, 13186, 6753, 2005, 221, 0, 0, 0, 0, 0, 0, 0, 0, 0, 0, 0, 0, 0, 0, 0, 0, 0, 0, 8, 602, 5709, 12961, 14708, 10761, 7823, 4230, 931, 67, 0, 0, 0, 0, 0, 0, 0, 0, 0, 0, 0, 0, 0, 0, 0, 0, 0, 0, 247, 4377, 12988, 15433, 14167, 7770, 4842], 3: [16148, 16176, 8763, 2264, 430, 57, 1, 0, 0, 0, 0, 0, 0, 0, 0, 0, 0, 0, 0, 0, 0, 0, 0, 4, 223, 3540, 11484, 17356, 19234, 16432, 9077, 2767, 383, 7, 0, 0, 0, 0, 0, 0, 0, 0, 0, 0, 0, 0, 0, 0, 0, 0, 1, 119, 1057, 5885, 14971, 17462, 15826, 14256, 6083, 2194, 392, 32, 0], 4: [0, 0, 12, 571, 7377, 13345, 16325, 17555, 15389, 12130, 4192, 362, 6, 0, 0, 0, 0, 0, 0, 0, 0, 0, 0, 0, 0, 0, 0, 0, 0, 0, 0, 105, 2707, 11149, 16803, 16479, 8289, 8565, 7115, 636, 5, 0, 0, 0, 0, 0, 0, 0, 0, 0, 0, 0, 0, 0, 0, 0, 0, 0, 25, 792, 6491, 13453, 14897], 5: [738, 7298, 14832, 18218, 20123, 17888, 9705, 2921, 413, 19, 0, 0, 0, 0, 0, 0, 0, 0, 0, 0, 0, 0, 0, 0, 0, 0, 0, 16, 480, 6156, 15252, 18353, 15871, 15194, 10965, 3790, 555, 46, 0, 0, 0, 0, 0, 0, 0, 0, 0, 0, 0, 0, 0, 0, 0, 0, 9, 343, 4599, 13437, 17743, 19820, 17598, 11446, 4763], 6: [0, 0, 0, 0, 8, 322, 5673, 13238, 17491, 19079, 12561, 3816, 522, 12, 0, 0, 0, 0, 0, 0, 0, 0, 0, 0, 0, 0, 0, 0, 0, 0, 0, 0, 2, 279, 5219, 14264, 17426, 13114, 11553, 5056, 476, 0, 0, 0, 0, 0, 0, 0, 0, 0, 0, 0, 0, 0, 0, 0, 0, 0, 0, 0, 59, 1922, 10250], 7: [0, 2, 147, 2511, 11012, 16692, 18646, 17087, 9243, 2844, 425, 14, 0, 0, 0, 0, 0, 0, 0, 0, 0, 0, 0, 0, 0, 0, 0, 0, 0, 6, 488, 6030, 15359, 18000, 16425, 15460, 9738, 3672, 587, 16, 0, 0, 0, 0, 0, 0, 0, 0, 0, 0, 0, 0, 0, 0, 0, 0, 54, 645, 6805, 15162, 18542, 20273, 15106], 8: [0, 0, 0, 0, 0, 7, 790, 7615, 15250, 18624, 19058, 11610, 4689, 641, 3, 0, 0, 0, 0, 0, 0, 0, 0, 0, 0, 0, 0, 0, 0, 0, 0, 0, 0, 2, 1006, 8465, 16289, 19674, 19774, 14660, 6377, 2061, 98, 0, 0, 0, 0, 0, 0, 0, 0, 0, 0, 0, 0, 0, 0, 0, 0, 0, 0, 63, 1833], 9: [13885, 18006, 14480, 6180, 1237, 43, 0, 0, 0, 0, 0, 0, 0, 0, 0, 0, 0, 0, 0, 0, 0, 2, 212, 3220, 10610, 14324, 17059, 19169, 18043, 14304, 13218, 6551, 1508, 140, 0, 0, 0, 0, 0, 0, 0, 0, 0, 0, 0, 0, 0, 0, 1, 44, 548, 2634, 10937, 16579, 18788, 19338, 19147, 14148, 6787, 2728, 449, 14, 0], 10: [0, 0, 8, 187, 2369, 11001, 16400, 17036, 9748, 4739, 1402, 104, 1, 0, 0, 0, 0, 0, 0, 0, 0, 0, 0, 0, 0, 0, 0, 0, 0, 0, 31, 1497, 8568, 13007, 15986, 17951, 13226, 5771, 3019, 927, 44, 0, 0, 0, 0, 0, 0, 0, 0, 0, 0, 0, 0, 0, 0, 0, 0, 0, 93, 915, 7025, 14957, 19314], 11: [0, 0, 27, 725, 8178, 16213, 17851, 11236, 5222, 1420, 39, 0, 0, 0, 0, 0, 0, 0, 0, 0, 0, 0, 0, 0, 0, 0, 0, 0, 0, 0, 140, 3650, 12504, 16819, 16848, 11394, 4891, 2077, 154, 3, 0, 0, 0, 0, 0, 0, 0, 0, 0, 0, 0, 0, 0, 0, 0, 0, 0, 5, 205, 2640, 12386, 17613, 13168], 12: [91, 1591, 11410, 17316, 19702, 14840, 7027, 2734, 410, 9, 0, 0, 0, 0, 0, 0, 0, 0, 0, 0, 0, 0, 0, 0, 0, 0, 0, 8, 934, 8211, 15709, 18864, 19977, 15800, 6990, 3483, 903, 39, 0, 0, 0, 0, 0, 0, 0, 0, 0, 0, 0, 0, 0, 0, 0, 0, 0, 50, 1233, 7815, 17111, 19557, 14088, 6290, 4212]}
06-09-23 10:27:25 - Voltage 1.2 - INFO   

06-09-23 10:27:26 - Voltage 1.2 - DEBUG  Set fixed phase 12,4,5,6,6,6,5,7,5,6,6,7
06-09-23 10:27:27 - Voltage 1.2 - INFO   FC status_locked: 1
06-09-23 10:27:27 - Voltage 1.2 - INFO   PUSM status: 9
06-09-23 10:27:27 - Voltage 1.2 - INFO   

06-09-23 10:27:27 - Voltage 1.2 - INFO   Finalized test
06-09-23 10:27:27 - Voltage 1.2 - INFO   Current = 0.3993
06-09-23 10:28:44 - Voltage 1.2 - INFO   QC TESTS
06-09-23 10:28:44 - Voltage 1.2 - INFO   Voltage: 1.2, Output Directory: /home/HGCAL_dev/acampbell/econt_sw/econt_sw/testing/testing/ECONT_testing/board999_run11, Board: 999.
06-09-23 10:28:44 - Voltage 1.2 - INFO   Initialize with startup registers
06-09-23 10:28:46 - Voltage 1.2 - INFO   

06-09-23 10:28:46 - Voltage 1.2 - DEBUG  Sending 28 bit PRBS w headers
06-09-23 10:28:46 - Voltage 1.2 - INFO   Scan phase w PRBS err counters
06-09-23 10:28:47 - Voltage 1.2 - DEBUG  Sending 32 bit PRBS w no header mask
06-09-23 10:28:50 - Voltage 1.2 - INFO   Best phase settings found to be [12  4  6  6  6  6  5  7  5  6  6  7]
06-09-23 10:28:50 - Voltage 1.2 - INFO   

06-09-23 10:28:50 - Voltage 1.2 - INFO   From IO delay scan
06-09-23 10:28:52 - Voltage 1.2 - DEBUG  Configured ASIC/emulator with all eTx
06-09-23 10:28:53 - Voltage 1.2 - DEBUG  P-side delay setting: {0: 103, 1: 130, 2: 156, 3: 116, 4: 176, 5: 147, 6: 184, 7: 161, 8: 190, 9: 330, 10: 395, 11: 163, 12: 145}, Eye width: {0: 144, 1: 160, 2: 152, 3: 152, 4: 152, 5: 152, 6: 160, 7: 152, 8: 160, 9: 128, 10: 152, 11: 160, 12: 152}
06-09-23 10:28:53 - Voltage 1.2 - DEBUG  Error counts form IO delay scan: {0: [12927, 4955, 1470, 679, 64, 0, 0, 0, 0, 0, 0, 0, 0, 0, 0, 0, 0, 0, 0, 0, 0, 3, 147, 1714, 9023, 16569, 17329, 15156, 9784, 3391, 748, 61, 0, 0, 0, 0, 0, 0, 0, 0, 0, 0, 0, 0, 0, 0, 0, 1, 85, 1018, 4513, 12126, 14319, 16914, 17271, 12466, 4558, 1497, 824, 142, 2, 0, 0], 1: [11610, 16116, 19159, 19395, 14135, 6104, 1606, 74, 0, 0, 0, 0, 0, 0, 0, 0, 0, 0, 0, 0, 0, 0, 0, 0, 0, 1, 86, 2653, 12148, 17085, 16146, 14822, 14477, 5999, 1039, 66, 1, 0, 0, 0, 0, 0, 0, 0, 0, 0, 0, 0, 0, 0, 0, 0, 6, 228, 3069, 12802, 16957, 19888, 17778, 10516, 4147, 2134, 361], 2: [1, 340, 5359, 12420, 15954, 16373, 13025, 6768, 1949, 268, 0, 0, 0, 0, 0, 0, 0, 0, 0, 0, 0, 0, 0, 0, 0, 0, 0, 0, 10, 486, 5069, 13100, 14538, 10605, 7265, 4581, 917, 66, 1, 0, 0, 0, 0, 0, 0, 0, 0, 0, 0, 0, 0, 0, 0, 0, 0, 2, 217, 4540, 14161, 15690, 14554, 7711, 5011], 3: [16107, 16508, 8752, 2169, 454, 50, 0, 0, 0, 0, 0, 0, 0, 0, 0, 0, 0, 0, 0, 0, 0, 0, 0, 1, 269, 3159, 11772, 17291, 19160, 16785, 9156, 2967, 390, 3, 0, 0, 0, 0, 0, 0, 0, 0, 0, 0, 0, 0, 0, 0, 0, 0, 5, 124, 926, 5990, 15363, 17351, 15953, 14183, 6055, 2153, 447, 37, 1], 4: [0, 0, 2, 654, 7466, 13332, 16320, 17776, 15219, 11855, 4209, 315, 3, 0, 0, 0, 0, 0, 0, 0, 0, 0, 0, 0, 0, 0, 0, 0, 0, 0, 2, 97, 2573, 10880, 16822, 18296, 8394, 8454, 6914, 660, 8, 0, 0, 0, 0, 0, 0, 0, 0, 0, 0, 0, 0, 0, 0, 0, 0, 0, 18, 941, 6465, 13416, 15018], 5: [828, 7688, 14684, 18172, 20410, 18179, 10093, 3036, 422, 11, 0, 0, 0, 0, 0, 0, 0, 0, 0, 0, 0, 0, 0, 0, 0, 0, 0, 7, 532, 6257, 15459, 20575, 16049, 15389, 11305, 4045, 650, 40, 0, 0, 0, 0, 0, 0, 0, 0, 0, 0, 0, 0, 0, 0, 0, 1, 9, 360, 4680, 13882, 17646, 19896, 17606, 11356, 4898], 6: [0, 0, 0, 0, 3, 293, 5517, 13486, 19478, 19019, 12730, 3836, 559, 15, 0, 0, 0, 0, 0, 0, 0, 0, 0, 0, 0, 0, 0, 0, 0, 0, 0, 0, 7, 125, 5284, 14276, 17600, 13164, 11692, 4927, 600, 8, 0, 0, 0, 0, 0, 0, 0, 0, 0, 0, 0, 0, 0, 0, 0, 0, 0, 0, 60, 1908, 9910], 7: [0, 2, 150, 2600, 11135, 16787, 18640, 17290, 9240, 2937, 428, 13, 0, 0, 0, 0, 0, 0, 0, 0, 0, 0, 0, 0, 0, 0, 0, 0, 0, 4, 474, 5830, 15095, 17955, 16552, 15856, 10072, 3582, 726, 11, 0, 0, 0, 0, 0, 0, 0, 0, 0, 0, 0, 0, 0, 0, 0, 0, 46, 777, 6529, 15254, 18525, 19943, 15541], 8: [0, 0, 0, 0, 0, 3, 862, 7571, 15353, 18618, 19233, 11769, 4766, 591, 4, 0, 0, 0, 0, 0, 0, 0, 0, 0, 0, 0, 0, 0, 0, 0, 0, 0, 0, 9, 956, 8688, 16307, 19839, 19925, 14758, 6593, 2053, 112, 0, 0, 0, 0, 0, 0, 0, 0, 0, 0, 0, 0, 0, 0, 0, 0, 0, 0, 59, 1705], 9: [13814, 17919, 14396, 5967, 1175, 39, 0, 0, 0, 0, 0, 0, 0, 0, 0, 0, 0, 0, 0, 0, 0, 0, 154, 3296, 10535, 14333, 17191, 19224, 18073, 14360, 14654, 6647, 1539, 156, 5, 0, 0, 0, 0, 0, 0, 0, 0, 0, 0, 0, 0, 0, 0, 69, 513, 2894, 10935, 16731, 18979, 19412, 19181, 13925, 6682, 2653, 423, 4, 0], 10: [0, 0, 8, 206, 2399, 10605, 16611, 19241, 9664, 4660, 1389, 94, 0, 0, 0, 0, 0, 0, 0, 0, 0, 0, 0, 0, 0, 0, 0, 0, 0, 0, 24, 1504, 8168, 12952, 16008, 18147, 13363, 5678, 3058, 863, 57, 0, 0, 0, 0, 0, 0, 0, 0, 0, 0, 0, 0, 0, 0, 0, 0, 0, 59, 1118, 6335, 14957, 19363], 11: [0, 0, 33, 682, 8241, 16293, 18087, 10756, 5230, 1264, 34, 0, 0, 0, 0, 0, 0, 0, 0, 0, 0, 0, 0, 0, 0, 0, 0, 0, 0, 0, 150, 3637, 12351, 16733, 16873, 11327, 5049, 2221, 204, 2, 0, 0, 0, 0, 0, 0, 0, 0, 0, 0, 0, 0, 0, 0, 0, 0, 0, 6, 196, 2862, 12255, 17644, 13287], 12: [99, 1603, 11505, 17555, 19896, 15175, 7113, 2681, 399, 13, 0, 0, 0, 0, 0, 0, 0, 0, 0, 0, 0, 0, 0, 0, 0, 0, 0, 7, 947, 8448, 15793, 18948, 19914, 17331, 7221, 3542, 924, 26, 0, 0, 0, 0, 0, 0, 0, 0, 0, 0, 0, 0, 0, 0, 0, 0, 0, 35, 1204, 8208, 16931, 19589, 13981, 6209, 4246]}
06-09-23 10:28:53 - Voltage 1.2 - INFO   

06-09-23 10:28:54 - Voltage 1.2 - DEBUG  Set fixed phase 12,4,6,6,6,6,5,7,5,6,6,7
06-09-23 10:28:56 - Voltage 1.2 - INFO   FC status_locked: 1
06-09-23 10:28:56 - Voltage 1.2 - INFO   PUSM status: 9
06-09-23 10:28:56 - Voltage 1.2 - INFO   

06-09-23 10:28:56 - Voltage 1.2 - INFO   Finalized test
06-09-23 10:28:56 - Voltage 1.2 - INFO   Current = 0.3993
06-09-23 10:30:13 - Voltage 1.2 - INFO   QC TESTS
06-09-23 10:30:13 - Voltage 1.2 - INFO   Voltage: 1.2, Output Directory: /home/HGCAL_dev/acampbell/econt_sw/econt_sw/testing/testing/ECONT_testing/board999_run11, Board: 999.
06-09-23 10:30:13 - Voltage 1.2 - INFO   Initialize with startup registers
06-09-23 10:30:15 - Voltage 1.2 - INFO   

06-09-23 10:30:15 - Voltage 1.2 - DEBUG  Sending 28 bit PRBS w headers
06-09-23 10:30:15 - Voltage 1.2 - INFO   Scan phase w PRBS err counters
06-09-23 10:30:15 - Voltage 1.2 - DEBUG  Sending 32 bit PRBS w no header mask
06-09-23 10:30:19 - Voltage 1.2 - INFO   Best phase settings found to be [12  4  5  6  6  6  5  7  5  6  6  7]
06-09-23 10:30:19 - Voltage 1.2 - INFO   

06-09-23 10:30:19 - Voltage 1.2 - INFO   From IO delay scan
06-09-23 10:30:20 - Voltage 1.2 - DEBUG  Configured ASIC/emulator with all eTx
06-09-23 10:30:22 - Voltage 1.2 - DEBUG  P-side delay setting: {0: 105, 1: 133, 2: 156, 3: 116, 4: 174, 5: 146, 6: 186, 7: 160, 8: 190, 9: 329, 10: 171, 11: 386, 12: 143}, Eye width: {0: 144, 1: 152, 2: 144, 3: 152, 4: 152, 5: 152, 6: 160, 7: 160, 8: 168, 9: 128, 10: 152, 11: 152, 12: 160}
06-09-23 10:30:22 - Voltage 1.2 - DEBUG  Error counts form IO delay scan: {0: [12645, 4711, 1361, 650, 44, 0, 0, 0, 0, 0, 0, 0, 0, 0, 0, 0, 0, 0, 0, 0, 0, 1, 170, 1678, 9033, 16469, 17316, 14918, 9363, 3366, 745, 46, 0, 0, 0, 0, 0, 0, 0, 0, 0, 0, 0, 0, 0, 0, 0, 0, 116, 1048, 4603, 11389, 14371, 17101, 17262, 12603, 4667, 1485, 808, 127, 2, 0, 0], 1: [11747, 16231, 19138, 19431, 13519, 5780, 1382, 76, 0, 0, 0, 0, 0, 0, 0, 0, 0, 0, 0, 0, 0, 0, 0, 0, 0, 1, 74, 2615, 12232, 17064, 16071, 14934, 13188, 5853, 930, 48, 0, 0, 0, 0, 0, 0, 0, 0, 0, 0, 0, 0, 0, 0, 0, 0, 5, 215, 2916, 12802, 16797, 19775, 19472, 10324, 4197, 2180, 401], 2: [1, 330, 5543, 12706, 15807, 16016, 12766, 6490, 1763, 189, 0, 0, 0, 0, 0, 0, 0, 0, 0, 0, 0, 0, 0, 0, 0, 0, 0, 0, 7, 516, 5266, 13222, 14648, 10640, 7219, 4484, 900, 44, 0, 0, 0, 0, 0, 0, 0, 0, 0, 0, 0, 0, 0, 0, 0, 0, 0, 2, 289, 4804, 13016, 15806, 14437, 7714, 4789], 3: [15802, 16265, 8660, 2119, 390, 47, 0, 0, 0, 0, 0, 0, 0, 0, 0, 0, 0, 0, 0, 0, 0, 0, 0, 1, 264, 3306, 11650, 19104, 19077, 16554, 9178, 2781, 342, 6, 0, 0, 0, 0, 0, 0, 0, 0, 0, 0, 0, 0, 0, 0, 0, 0, 7, 147, 968, 6334, 15164, 17301, 16040, 14235, 5955, 2173, 403, 41, 0], 4: [0, 0, 6, 645, 8058, 13344, 16547, 17403, 15249, 11801, 3870, 291, 3, 0, 0, 0, 0, 0, 0, 0, 0, 0, 0, 0, 0, 0, 0, 0, 0, 0, 0, 175, 2576, 11436, 16792, 15910, 8471, 8376, 6968, 678, 10, 0, 0, 0, 0, 0, 0, 0, 0, 0, 0, 0, 0, 0, 0, 0, 0, 0, 30, 846, 6652, 14853, 15432], 5: [861, 7713, 14832, 18280, 20100, 18061, 9629, 2825, 406, 20, 0, 0, 0, 0, 0, 0, 0, 0, 0, 0, 0, 0, 0, 0, 0, 0, 0, 9, 460, 6321, 15591, 18662, 16151, 15236, 10980, 3697, 619, 61, 0, 0, 0, 0, 0, 0, 0, 0, 0, 0, 0, 0, 0, 0, 0, 0, 9, 324, 4814, 14301, 17682, 19957, 17805, 11295, 4727], 6: [0, 0, 0, 0, 1, 318, 5518, 13554, 17683, 19097, 12666, 3759, 525, 8, 0, 0, 0, 0, 0, 0, 0, 0, 0, 0, 0, 0, 0, 0, 0, 0, 0, 0, 0, 228, 5579, 14665, 17491, 12814, 11601, 4740, 573, 4, 0, 0, 0, 0, 0, 0, 0, 0, 0, 0, 0, 0, 0, 0, 0, 0, 0, 0, 63, 1802, 10491], 7: [0, 0, 148, 2690, 10747, 16796, 18553, 17003, 9098, 2775, 473, 18, 0, 0, 0, 0, 0, 0, 0, 0, 0, 0, 0, 0, 0, 0, 0, 0, 0, 5, 561, 6152, 15137, 18024, 16546, 15556, 10196, 3604, 735, 14, 0, 0, 0, 0, 0, 0, 0, 0, 0, 0, 0, 0, 0, 0, 0, 0, 64, 762, 6572, 15338, 18711, 20119, 15117], 8: [0, 0, 0, 0, 0, 7, 780, 8106, 15183, 18695, 19242, 11152, 4800, 652, 6, 0, 0, 0, 0, 0, 0, 0, 0, 0, 0, 0, 0, 0, 0, 0, 0, 0, 0, 11, 1025, 9115, 16406, 19746, 20155, 14641, 6447, 2033, 111, 0, 0, 0, 0, 0, 0, 0, 0, 0, 0, 0, 0, 0, 0, 0, 0, 0, 0, 49, 1942], 9: [13885, 17959, 14771, 5636, 1245, 30, 0, 0, 0, 0, 0, 0, 0, 0, 0, 0, 0, 0, 0, 0, 0, 0, 154, 3184, 10586, 14498, 17107, 19238, 18078, 14391, 13198, 6519, 1629, 129, 1, 0, 0, 0, 0, 0, 0, 0, 0, 0, 0, 0, 0, 0, 0, 57, 550, 2963, 11368, 16856, 18919, 19292, 21231, 13946, 6596, 2752, 437, 8, 0], 10: [0, 0, 6, 249, 2285, 10914, 16397, 16866, 9604, 4721, 1384, 72, 1, 0, 0, 0, 0, 0, 0, 0, 0, 0, 0, 0, 0, 0, 0, 0, 0, 0, 28, 1530, 8173, 13078, 15886, 17896, 13279, 5635, 2975, 904, 45, 0, 0, 0, 0, 0, 0, 0, 0, 0, 0, 0, 0, 0, 0, 0, 0, 0, 90, 1083, 6813, 14952, 19683], 11: [0, 0, 26, 749, 7788, 16151, 18065, 10544, 5199, 1350, 52, 0, 0, 0, 0, 0, 0, 0, 0, 0, 0, 0, 0, 0, 0, 0, 0, 0, 0, 0, 163, 3535, 12417, 16955, 16844, 11597, 4906, 2079, 229, 1, 0, 0, 0, 0, 0, 0, 0, 0, 0, 0, 0, 0, 0, 0, 0, 0, 0, 2, 166, 2431, 12578, 17899, 13016], 12: [77, 1795, 11554, 17537, 19622, 14635, 7161, 2454, 421, 9, 0, 0, 0, 0, 0, 0, 0, 0, 0, 0, 0, 0, 0, 0, 0, 0, 0, 15, 1053, 8401, 15850, 18956, 19986, 15659, 7093, 3436, 926, 18, 0, 0, 0, 0, 0, 0, 0, 0, 0, 0, 0, 0, 0, 0, 0, 0, 1, 41, 1323, 8288, 17006, 21858, 13838, 6257, 4209]}
06-09-23 10:30:22 - Voltage 1.2 - INFO   

06-09-23 10:30:23 - Voltage 1.2 - DEBUG  Set fixed phase 12,4,5,6,6,6,5,7,5,6,6,7
06-09-23 10:30:24 - Voltage 1.2 - INFO   FC status_locked: 1
06-09-23 10:30:24 - Voltage 1.2 - INFO   PUSM status: 9
06-09-23 10:30:24 - Voltage 1.2 - INFO   

06-09-23 10:30:24 - Voltage 1.2 - INFO   Finalized test
06-09-23 10:30:25 - Voltage 1.2 - INFO   Current = 0.3992
06-09-23 10:31:41 - Voltage 1.2 - INFO   QC TESTS
06-09-23 10:31:41 - Voltage 1.2 - INFO   Voltage: 1.2, Output Directory: /home/HGCAL_dev/acampbell/econt_sw/econt_sw/testing/testing/ECONT_testing/board999_run11, Board: 999.
06-09-23 10:31:41 - Voltage 1.2 - INFO   Initialize with startup registers
06-09-23 10:31:43 - Voltage 1.2 - INFO   

06-09-23 10:31:43 - Voltage 1.2 - DEBUG  Sending 28 bit PRBS w headers
06-09-23 10:31:44 - Voltage 1.2 - INFO   Scan phase w PRBS err counters
06-09-23 10:31:44 - Voltage 1.2 - DEBUG  Sending 32 bit PRBS w no header mask
06-09-23 10:31:47 - Voltage 1.2 - INFO   Best phase settings found to be [12  4  6  6  6  6  5  7  5  6  6  7]
06-09-23 10:31:47 - Voltage 1.2 - INFO   

06-09-23 10:31:47 - Voltage 1.2 - INFO   From IO delay scan
06-09-23 10:31:49 - Voltage 1.2 - DEBUG  Configured ASIC/emulator with all eTx
06-09-23 10:31:51 - Voltage 1.2 - DEBUG  P-side delay setting: {0: 317, 1: 134, 2: 157, 3: 117, 4: 177, 5: 145, 6: 184, 7: 162, 8: 190, 9: 108, 10: 169, 11: 163, 12: 143}, Eye width: {0: 136, 1: 160, 2: 152, 3: 152, 4: 152, 5: 152, 6: 160, 7: 160, 8: 160, 9: 136, 10: 144, 11: 160, 12: 160}
06-09-23 10:31:51 - Voltage 1.2 - DEBUG  Error counts form IO delay scan: {0: [12681, 4747, 1392, 678, 41, 1, 0, 0, 0, 0, 0, 0, 0, 0, 0, 0, 0, 0, 0, 0, 0, 2, 143, 1643, 9332, 16475, 17420, 14978, 9631, 3282, 778, 76, 1, 0, 0, 0, 0, 0, 0, 0, 0, 0, 0, 0, 0, 0, 0, 3, 84, 1032, 4968, 11685, 14158, 16978, 18906, 12581, 4585, 1430, 848, 123, 3, 0, 0], 1: [11545, 16140, 19156, 19442, 14159, 5977, 1632, 82, 0, 0, 0, 0, 0, 0, 0, 0, 0, 0, 0, 0, 0, 0, 0, 0, 0, 2, 98, 2794, 12086, 16982, 16501, 14780, 13249, 5751, 993, 56, 0, 0, 0, 0, 0, 0, 0, 0, 0, 0, 0, 0, 0, 0, 0, 0, 1, 240, 3016, 12926, 17032, 19729, 17781, 10199, 4195, 2113, 362], 2: [2, 271, 5261, 12705, 15767, 17720, 13040, 6523, 1996, 207, 2, 0, 0, 0, 0, 0, 0, 0, 0, 0, 0, 0, 0, 0, 0, 0, 0, 0, 7, 479, 5071, 13099, 14898, 10589, 7267, 4125, 870, 46, 0, 0, 0, 0, 0, 0, 0, 0, 0, 0, 0, 0, 0, 0, 0, 0, 0, 3, 275, 4629, 13058, 15672, 14522, 7712, 4835], 3: [15963, 16546, 8825, 2177, 418, 59, 1, 0, 0, 0, 0, 0, 0, 0, 0, 0, 0, 0, 0, 0, 0, 0, 0, 1, 235, 3328, 11569, 17272, 19090, 17913, 9140, 2814, 347, 3, 0, 0, 0, 0, 0, 0, 0, 0, 0, 0, 0, 0, 0, 0, 0, 0, 8, 129, 973, 6104, 15099, 17305, 15848, 14053, 6120, 2148, 373, 29, 0], 4: [0, 0, 9, 717, 7395, 13154, 16179, 17467, 15257, 12010, 4042, 314, 9, 1, 0, 0, 0, 0, 0, 0, 0, 0, 0, 0, 0, 0, 0, 0, 0, 0, 0, 140, 2525, 11225, 16798, 16069, 8274, 8542, 7138, 750, 6, 0, 0, 0, 0, 0, 0, 0, 0, 0, 0, 0, 0, 0, 0, 0, 0, 0, 22, 894, 6673, 13523, 14890], 5: [777, 7485, 14869, 18287, 20135, 17784, 9959, 2954, 415, 17, 0, 0, 0, 0, 0, 0, 0, 0, 0, 0, 0, 0, 0, 0, 0, 0, 0, 17, 508, 6162, 15265, 18417, 15679, 15187, 11035, 3880, 579, 46, 0, 0, 0, 0, 0, 0, 0, 0, 0, 0, 0, 0, 0, 0, 0, 0, 8, 311, 4642, 13829, 17912, 19876, 17606, 11012, 4540], 6: [0, 0, 0, 0, 4, 301, 5565, 13272, 19006, 19060, 12314, 3677, 478, 9, 0, 0, 0, 0, 0, 0, 0, 0, 0, 0, 0, 0, 0, 0, 0, 0, 0, 0, 1, 255, 5278, 14282, 17364, 13032, 11379, 5087, 529, 2, 0, 0, 0, 0, 0, 0, 0, 0, 0, 0, 0, 0, 0, 0, 0, 0, 0, 1, 86, 1834, 10308], 7: [0, 2, 143, 2533, 10986, 16569, 18600, 16982, 9502, 2769, 430, 17, 0, 0, 0, 0, 0, 0, 0, 0, 0, 0, 0, 0, 0, 0, 0, 0, 0, 1, 458, 5868, 16581, 17781, 16276, 15797, 10964, 3553, 655, 17, 0, 0, 0, 0, 0, 0, 0, 0, 0, 0, 0, 0, 0, 0, 0, 0, 50, 701, 6872, 15200, 20442, 20170, 15005], 8: [0, 0, 0, 0, 0, 6, 756, 7907, 15177, 18515, 19191, 11114, 4585, 613, 4, 0, 0, 0, 0, 0, 0, 0, 0, 0, 0, 0, 0, 0, 0, 0, 0, 0, 0, 18, 1066, 8562, 16420, 19700, 19896, 14935, 6322, 1973, 112, 1, 0, 0, 0, 0, 0, 0, 0, 0, 0, 0, 0, 0, 0, 0, 0, 0, 0, 49, 1871], 9: [13761, 18046, 14743, 6051, 1171, 42, 0, 0, 0, 0, 0, 0, 0, 0, 0, 0, 0, 0, 0, 0, 0, 0, 187, 3220, 10605, 14250, 17070, 19053, 17850, 14185, 13045, 6467, 1636, 150, 0, 0, 0, 0, 0, 0, 0, 0, 0, 0, 0, 0, 0, 0, 0, 66, 554, 2756, 11649, 16603, 18863, 19280, 19251, 13788, 6677, 2600, 370, 6, 0], 10: [0, 0, 12, 233, 2432, 10631, 16288, 18753, 9525, 4745, 1303, 90, 2, 0, 0, 0, 0, 0, 0, 0, 0, 0, 0, 0, 0, 0, 0, 0, 0, 0, 35, 1554, 8393, 12993, 15865, 18092, 12924, 5741, 3063, 929, 49, 0, 0, 0, 0, 0, 0, 0, 0, 0, 0, 0, 0, 0, 0, 0, 0, 1, 84, 1159, 6877, 15096, 19353], 11: [0, 0, 38, 717, 7832, 16235, 17907, 10808, 5217, 1284, 42, 0, 0, 0, 0, 0, 0, 0, 0, 0, 0, 0, 0, 0, 0, 0, 0, 0, 0, 0, 156, 3596, 12443, 16736, 16787, 11522, 4838, 2105, 173, 8, 0, 0, 0, 0, 0, 0, 0, 0, 0, 0, 0, 0, 0, 0, 0, 0, 0, 2, 255, 3329, 12576, 17681, 12997], 12: [96, 1663, 11545, 17557, 19693, 15001, 7092, 2703, 407, 6, 0, 0, 0, 0, 0, 0, 0, 0, 0, 0, 0, 0, 0, 0, 0, 0, 0, 18, 1123, 8196, 15786, 18912, 19835, 15924, 6983, 3572, 997, 44, 0, 0, 0, 0, 0, 0, 0, 0, 0, 0, 0, 0, 0, 0, 0, 0, 1, 50, 1252, 8589, 17027, 19551, 13532, 6021, 4156]}
06-09-23 10:31:51 - Voltage 1.2 - INFO   

06-09-23 10:31:51 - Voltage 1.2 - DEBUG  Set fixed phase 12,4,6,6,6,6,5,7,5,6,6,7
06-09-23 10:31:53 - Voltage 1.2 - INFO   FC status_locked: 1
06-09-23 10:31:53 - Voltage 1.2 - INFO   PUSM status: 9
06-09-23 10:31:53 - Voltage 1.2 - INFO   

06-09-23 10:31:53 - Voltage 1.2 - INFO   Finalized test
06-09-23 10:31:53 - Voltage 1.2 - INFO   Current = 0.3993
06-09-23 10:33:10 - Voltage 1.2 - INFO   QC TESTS
06-09-23 10:33:10 - Voltage 1.2 - INFO   Voltage: 1.2, Output Directory: /home/HGCAL_dev/acampbell/econt_sw/econt_sw/testing/testing/ECONT_testing/board999_run11, Board: 999.
06-09-23 10:33:10 - Voltage 1.2 - INFO   Initialize with startup registers
06-09-23 10:33:12 - Voltage 1.2 - INFO   

06-09-23 10:33:12 - Voltage 1.2 - DEBUG  Sending 28 bit PRBS w headers
06-09-23 10:33:12 - Voltage 1.2 - INFO   Scan phase w PRBS err counters
06-09-23 10:33:12 - Voltage 1.2 - DEBUG  Sending 32 bit PRBS w no header mask
06-09-23 10:33:16 - Voltage 1.2 - INFO   Best phase settings found to be [12  4  6  6  6  6  5  7  5  6  6  7]
06-09-23 10:33:16 - Voltage 1.2 - INFO   

06-09-23 10:33:16 - Voltage 1.2 - INFO   From IO delay scan
06-09-23 10:33:17 - Voltage 1.2 - DEBUG  Configured ASIC/emulator with all eTx
06-09-23 10:33:19 - Voltage 1.2 - DEBUG  P-side delay setting: {0: 103, 1: 133, 2: 379, 3: 333, 4: 176, 5: 367, 6: 185, 7: 162, 8: 189, 9: 109, 10: 170, 11: 163, 12: 144}, Eye width: {0: 144, 1: 152, 2: 136, 3: 152, 4: 144, 5: 144, 6: 160, 7: 152, 8: 168, 9: 136, 10: 144, 11: 160, 12: 160}
06-09-23 10:33:19 - Voltage 1.2 - DEBUG  Error counts form IO delay scan: {0: [12971, 4543, 1388, 678, 55, 1, 0, 0, 0, 0, 0, 0, 0, 0, 0, 0, 0, 0, 0, 0, 0, 8, 161, 1587, 9187, 16343, 17441, 14806, 9731, 3416, 756, 52, 2, 0, 0, 0, 0, 0, 0, 0, 0, 0, 0, 0, 0, 0, 0, 2, 96, 1041, 4682, 11192, 14118, 16955, 17373, 12860, 4587, 1495, 786, 146, 3, 0, 0], 1: [11357, 15996, 19250, 19508, 13958, 5840, 1569, 74, 1, 0, 0, 0, 0, 0, 0, 0, 0, 0, 0, 0, 0, 0, 0, 0, 0, 2, 122, 2842, 12156, 17052, 16318, 14909, 13085, 5568, 909, 50, 0, 0, 0, 0, 0, 0, 0, 0, 0, 0, 0, 0, 0, 0, 0, 0, 3, 250, 3097, 12679, 16742, 19907, 17619, 10446, 4191, 2100, 335], 2: [1, 266, 5452, 12505, 15776, 16202, 12747, 6543, 1849, 229, 0, 0, 0, 0, 0, 0, 0, 0, 0, 0, 0, 0, 0, 0, 0, 0, 0, 0, 6, 553, 5294, 13023, 14651, 10646, 7161, 4186, 888, 56, 0, 0, 0, 0, 0, 0, 0, 0, 0, 0, 0, 0, 0, 0, 0, 0, 0, 4, 254, 4763, 13166, 15989, 14535, 7483, 4831], 3: [15859, 16282, 8808, 2285, 438, 53, 0, 0, 0, 0, 0, 0, 0, 0, 0, 0, 0, 0, 0, 0, 0, 0, 0, 0, 232, 3301, 11602, 17362, 19116, 16439, 9255, 2729, 388, 2, 0, 0, 0, 0, 0, 0, 0, 0, 0, 0, 0, 0, 0, 0, 0, 0, 1, 124, 908, 6087, 14806, 17310, 15827, 14186, 6067, 2161, 395, 29, 1], 4: [0, 0, 7, 631, 7534, 13127, 16306, 17584, 15360, 11911, 4008, 263, 11, 0, 0, 0, 0, 0, 0, 0, 0, 0, 0, 0, 0, 0, 0, 0, 0, 0, 0, 152, 2695, 12239, 16747, 15848, 8285, 8559, 7005, 527, 5, 0, 0, 0, 0, 0, 0, 0, 0, 0, 0, 0, 0, 0, 0, 0, 0, 0, 25, 949, 6171, 13505, 14901], 5: [764, 7882, 14788, 18501, 20198, 17890, 9785, 2909, 410, 15, 0, 0, 0, 0, 0, 0, 0, 0, 0, 0, 0, 0, 0, 0, 0, 0, 0, 7, 548, 6558, 15522, 18554, 15727, 15181, 11094, 3785, 648, 51, 1, 0, 0, 0, 0, 0, 0, 0, 0, 0, 0, 0, 0, 0, 0, 0, 7, 348, 4634, 14216, 17785, 20144, 17748, 11257, 4648], 6: [0, 0, 0, 0, 2, 285, 5346, 13332, 17684, 19184, 12341, 3573, 524, 10, 0, 0, 0, 0, 0, 0, 0, 0, 0, 0, 0, 0, 0, 0, 0, 0, 0, 0, 0, 232, 5185, 14434, 17638, 12979, 11435, 4752, 566, 4, 0, 0, 0, 0, 0, 0, 0, 0, 0, 0, 0, 0, 0, 0, 0, 0, 0, 0, 78, 2123, 10223], 7: [0, 4, 167, 2728, 10836, 18348, 18539, 17135, 9545, 2828, 471, 16, 0, 0, 0, 0, 0, 0, 0, 0, 0, 0, 0, 0, 0, 0, 0, 0, 0, 9, 535, 6127, 15016, 17903, 16386, 15726, 10077, 3473, 715, 13, 0, 0, 0, 0, 0, 0, 0, 0, 0, 0, 0, 0, 0, 0, 0, 0, 52, 843, 6660, 15301, 18537, 19819, 15178], 8: [0, 0, 0, 0, 0, 5, 587, 7820, 15101, 18722, 19012, 11062, 4853, 614, 4, 0, 0, 0, 0, 0, 0, 0, 0, 0, 0, 0, 0, 0, 0, 0, 0, 0, 0, 9, 1025, 9012, 16387, 19839, 19787, 14353, 6397, 2018, 121, 6, 0, 0, 0, 0, 0, 0, 0, 0, 0, 0, 0, 0, 0, 0, 0, 0, 0, 53, 1862], 9: [13604, 17974, 14750, 5786, 1254, 27, 0, 0, 0, 0, 0, 0, 0, 0, 0, 0, 0, 0, 0, 0, 0, 0, 231, 3410, 11745, 14433, 17104, 19184, 18139, 14264, 13310, 6311, 1549, 112, 1, 0, 0, 0, 0, 0, 0, 0, 0, 0, 0, 0, 0, 0, 1, 59, 543, 2923, 11090, 16693, 18908, 21254, 19174, 13758, 6516, 2666, 384, 7, 0], 10: [0, 0, 6, 208, 2356, 10829, 16335, 16976, 9689, 4637, 1421, 81, 1, 0, 0, 0, 0, 0, 0, 0, 0, 0, 0, 0, 0, 0, 0, 0, 0, 0, 41, 1664, 8253, 12886, 15838, 17962, 13018, 5522, 2986, 803, 41, 0, 0, 0, 0, 0, 0, 0, 0, 0, 0, 0, 0, 0, 0, 0, 0, 2, 92, 1027, 6792, 15157, 19353], 11: [0, 0, 24, 898, 8907, 16291, 18037, 10709, 5379, 1209, 27, 0, 0, 0, 0, 0, 0, 0, 0, 0, 0, 0, 0, 0, 0, 0, 0, 0, 0, 0, 112, 3784, 12489, 16805, 16767, 11199, 4886, 1954, 147, 2, 0, 0, 0, 0, 0, 0, 0, 0, 0, 0, 0, 0, 0, 0, 0, 0, 0, 0, 186, 2499, 12408, 17744, 12936], 12: [85, 1483, 11281, 17512, 19671, 14834, 7095, 2627, 368, 6, 0, 0, 0, 0, 0, 0, 0, 0, 0, 0, 0, 0, 0, 0, 0, 0, 1, 13, 911, 8365, 15756, 20798, 19960, 15619, 6974, 3525, 921, 31, 0, 0, 0, 0, 0, 0, 0, 0, 0, 0, 0, 0, 0, 0, 0, 0, 0, 32, 1229, 8038, 17131, 19581, 13683, 6130, 4273]}
06-09-23 10:33:19 - Voltage 1.2 - INFO   

06-09-23 10:33:20 - Voltage 1.2 - DEBUG  Set fixed phase 12,4,6,6,6,6,5,7,5,6,6,7
06-09-23 10:33:21 - Voltage 1.2 - INFO   FC status_locked: 1
06-09-23 10:33:21 - Voltage 1.2 - INFO   PUSM status: 9
06-09-23 10:33:21 - Voltage 1.2 - INFO   

06-09-23 10:33:21 - Voltage 1.2 - INFO   Finalized test
06-09-23 10:33:22 - Voltage 1.2 - INFO   Current = 0.3993
06-09-23 10:34:38 - Voltage 1.2 - INFO   QC TESTS
06-09-23 10:34:38 - Voltage 1.2 - INFO   Voltage: 1.2, Output Directory: /home/HGCAL_dev/acampbell/econt_sw/econt_sw/testing/testing/ECONT_testing/board999_run11, Board: 999.
06-09-23 10:34:38 - Voltage 1.2 - INFO   Initialize with startup registers
06-09-23 10:34:40 - Voltage 1.2 - INFO   

06-09-23 10:34:40 - Voltage 1.2 - DEBUG  Sending 28 bit PRBS w headers
06-09-23 10:34:41 - Voltage 1.2 - INFO   Scan phase w PRBS err counters
06-09-23 10:34:41 - Voltage 1.2 - DEBUG  Sending 32 bit PRBS w no header mask
06-09-23 10:34:44 - Voltage 1.2 - INFO   Best phase settings found to be [12  4  5  6  6  6  5  7  5  6  6  7]
06-09-23 10:34:44 - Voltage 1.2 - INFO   

06-09-23 10:34:44 - Voltage 1.2 - INFO   From IO delay scan
06-09-23 10:34:46 - Voltage 1.2 - DEBUG  Configured ASIC/emulator with all eTx
06-09-23 10:34:48 - Voltage 1.2 - DEBUG  P-side delay setting: {0: 104, 1: 132, 2: 157, 3: 117, 4: 397, 5: 146, 6: 185, 7: 162, 8: 190, 9: 110, 10: 170, 11: 388, 12: 146}, Eye width: {0: 144, 1: 160, 2: 144, 3: 152, 4: 152, 5: 152, 6: 160, 7: 160, 8: 168, 9: 136, 10: 152, 11: 160, 12: 152}
06-09-23 10:34:48 - Voltage 1.2 - DEBUG  Error counts form IO delay scan: {0: [13286, 4687, 1407, 627, 61, 1, 0, 0, 0, 0, 0, 0, 0, 0, 0, 0, 0, 0, 0, 0, 0, 4, 139, 1806, 9031, 16511, 17234, 14752, 9748, 3697, 724, 58, 1, 0, 0, 0, 0, 0, 0, 0, 0, 0, 0, 0, 0, 0, 0, 4, 80, 910, 4741, 11252, 14183, 16891, 17364, 12769, 4782, 1464, 777, 146, 3, 0, 0], 1: [11462, 16051, 19346, 19299, 13686, 5855, 1645, 66, 1, 0, 0, 0, 0, 0, 0, 0, 0, 0, 0, 0, 0, 0, 0, 0, 0, 0, 108, 2704, 11778, 17030, 16125, 14957, 13141, 5668, 982, 50, 1, 0, 0, 0, 0, 0, 0, 0, 0, 0, 0, 0, 0, 0, 0, 0, 3, 207, 2889, 12608, 16935, 19752, 17760, 10357, 4548, 2155, 352], 2: [0, 310, 5186, 12585, 15954, 17529, 12975, 6383, 1958, 197, 0, 0, 0, 0, 0, 0, 0, 0, 0, 0, 0, 0, 0, 0, 0, 0, 0, 0, 10, 588, 5120, 12947, 14685, 10745, 7219, 4162, 853, 65, 3, 0, 0, 0, 0, 0, 0, 0, 0, 0, 0, 0, 0, 0, 0, 0, 0, 2, 315, 4762, 13311, 15749, 14264, 7758, 4978], 3: [15969, 17861, 8866, 2128, 417, 52, 0, 0, 0, 0, 0, 0, 0, 0, 0, 0, 0, 0, 0, 0, 0, 0, 0, 0, 256, 3632, 11376, 17354, 19012, 16622, 9281, 2829, 351, 1, 0, 0, 0, 0, 0, 0, 0, 0, 0, 0, 0, 0, 0, 0, 0, 0, 4, 109, 1020, 5822, 14832, 17483, 16156, 14338, 5961, 2235, 385, 35, 0], 4: [0, 0, 9, 708, 7395, 13475, 16521, 17621, 15439, 11511, 3868, 272, 8, 0, 0, 0, 0, 0, 0, 0, 0, 0, 0, 0, 0, 0, 0, 0, 0, 0, 0, 123, 2765, 11003, 16646, 16220, 8645, 8410, 7161, 690, 3, 0, 0, 0, 0, 0, 0, 0, 0, 0, 0, 0, 0, 0, 0, 0, 0, 0, 34, 848, 6635, 13626, 15009], 5: [832, 7687, 14877, 18453, 20196, 17894, 10176, 2904, 424, 16, 0, 0, 0, 0, 0, 0, 0, 0, 0, 0, 0, 0, 0, 0, 0, 0, 0, 12, 485, 6452, 15445, 18681, 15943, 15213, 11185, 3867, 633, 51, 0, 0, 0, 0, 0, 0, 0, 0, 0, 0, 0, 0, 0, 0, 0, 0, 11, 317, 4867, 13610, 17917, 21958, 17945, 11590, 4671], 6: [0, 0, 0, 0, 3, 413, 5571, 13368, 17817, 18826, 12251, 3867, 488, 14, 0, 0, 0, 0, 0, 0, 0, 0, 0, 0, 0, 0, 0, 0, 0, 0, 0, 0, 5, 190, 5204, 14421, 17477, 13024, 11535, 5264, 454, 11, 0, 0, 0, 0, 0, 0, 0, 0, 0, 0, 0, 0, 0, 0, 0, 0, 0, 2, 71, 1716, 10490], 7: [0, 3, 170, 2747, 11349, 16882, 18876, 17027, 9520, 2704, 392, 16, 0, 0, 0, 0, 0, 0, 0, 0, 0, 0, 0, 0, 0, 0, 0, 0, 0, 4, 533, 5659, 15087, 17844, 16540, 15682, 10259, 3608, 685, 14, 0, 0, 0, 0, 0, 0, 0, 0, 0, 0, 0, 0, 0, 0, 0, 0, 54, 744, 6558, 15131, 18867, 20100, 15381], 8: [0, 0, 0, 0, 0, 11, 771, 7788, 15280, 18575, 19139, 11180, 4756, 623, 7, 0, 0, 0, 0, 0, 0, 0, 0, 0, 0, 0, 0, 0, 0, 0, 0, 0, 0, 8, 922, 8799, 15992, 19620, 19996, 14883, 6418, 2184, 137, 2, 0, 0, 0, 0, 0, 0, 0, 0, 0, 0, 0, 0, 0, 0, 0, 0, 0, 54, 1754], 9: [13983, 18000, 14670, 5841, 1178, 32, 0, 0, 0, 0, 0, 0, 0, 0, 0, 0, 0, 0, 0, 0, 0, 0, 192, 3336, 10588, 14373, 17057, 18957, 17941, 14511, 13188, 6698, 1581, 163, 5, 0, 0, 0, 0, 0, 0, 0, 0, 0, 0, 0, 0, 0, 0, 43, 530, 2456, 11215, 16819, 18930, 19340, 19306, 14080, 7189, 2718, 376, 10, 0], 10: [0, 0, 6, 206, 2453, 10824, 16506, 17125, 9567, 4645, 1321, 91, 1, 0, 0, 0, 0, 0, 0, 0, 0, 0, 0, 0, 0, 0, 0, 0, 0, 0, 21, 1466, 8144, 12714, 15783, 17884, 13336, 5816, 3074, 893, 53, 0, 0, 0, 0, 0, 0, 0, 0, 0, 0, 0, 0, 0, 0, 0, 0, 3, 63, 1057, 6783, 14655, 19451], 11: [0, 0, 32, 757, 8000, 16349, 18126, 11251, 5266, 1290, 30, 0, 0, 0, 0, 0, 0, 0, 0, 0, 0, 0, 0, 0, 0, 0, 0, 0, 0, 0, 119, 3108, 12392, 16696, 16753, 11730, 5093, 2214, 173, 5, 0, 0, 0, 0, 0, 0, 0, 0, 0, 0, 0, 0, 0, 0, 0, 0, 0, 4, 257, 2845, 12981, 17870, 13302], 12: [85, 1519, 11576, 17400, 19673, 15066, 7115, 2748, 420, 8, 0, 0, 0, 0, 0, 0, 0, 0, 0, 0, 0, 0, 0, 0, 0, 0, 0, 8, 942, 8047, 15975, 18944, 19887, 15826, 7054, 3558, 898, 34, 0, 0, 0, 0, 0, 0, 0, 0, 0, 0, 0, 0, 0, 0, 0, 0, 1, 42, 1141, 8138, 17074, 19614, 13762, 6088, 4206]}
06-09-23 10:34:48 - Voltage 1.2 - INFO   

06-09-23 10:34:48 - Voltage 1.2 - DEBUG  Set fixed phase 12,4,5,6,6,6,5,7,5,6,6,7
06-09-23 10:34:50 - Voltage 1.2 - INFO   FC status_locked: 1
06-09-23 10:34:50 - Voltage 1.2 - INFO   PUSM status: 9
06-09-23 10:34:50 - Voltage 1.2 - INFO   

06-09-23 10:34:50 - Voltage 1.2 - INFO   Finalized test
06-09-23 10:34:50 - Voltage 1.2 - INFO   Current = 0.3992
